Using pre-set license
Built from '2022.3/staging' branch; Version is '2022.3.16f1 (d2c21f0ef2f1) revision 13812255'; Using compiler version '192829333'; Build Type 'Release'
OS: 'Windows 11  (10.0.22631) 64bit Core' Language: 'en' Physical Memory: 16225 MB
BatchMode: 1, IsHumanControllingUs: 0, StartBugReporterOnCrash: 0, Is64bit: 1, IsPro: 1

COMMAND LINE ARGUMENTS:
E:\Unity\2022.3.16f1\Editor\Unity.exe
-adb2
-batchMode
-noUpm
-name
AssetImportWorker1
-projectPath
E:/UBB/Inzynierka/Repos/UnityGame/MotionUnityGame
-logFile
Logs/AssetImportWorker1.log
-srvPort
59991
Successfully changed project path to: E:/UBB/Inzynierka/Repos/UnityGame/MotionUnityGame
E:/UBB/Inzynierka/Repos/UnityGame/MotionUnityGame
[UnityMemory] Configuration Parameters - Can be set up in boot.config
    "memorysetup-bucket-allocator-granularity=16"
    "memorysetup-bucket-allocator-bucket-count=8"
    "memorysetup-bucket-allocator-block-size=33554432"
    "memorysetup-bucket-allocator-block-count=8"
    "memorysetup-main-allocator-block-size=16777216"
    "memorysetup-thread-allocator-block-size=16777216"
    "memorysetup-gfx-main-allocator-block-size=16777216"
    "memorysetup-gfx-thread-allocator-block-size=16777216"
    "memorysetup-cache-allocator-block-size=4194304"
    "memorysetup-typetree-allocator-block-size=2097152"
    "memorysetup-profiler-bucket-allocator-granularity=16"
    "memorysetup-profiler-bucket-allocator-bucket-count=8"
    "memorysetup-profiler-bucket-allocator-block-size=33554432"
    "memorysetup-profiler-bucket-allocator-block-count=8"
    "memorysetup-profiler-allocator-block-size=16777216"
    "memorysetup-profiler-editor-allocator-block-size=1048576"
    "memorysetup-temp-allocator-size-main=16777216"
    "memorysetup-job-temp-allocator-block-size=2097152"
    "memorysetup-job-temp-allocator-block-size-background=1048576"
    "memorysetup-job-temp-allocator-reduction-small-platforms=262144"
    "memorysetup-allocator-temp-initial-block-size-main=262144"
    "memorysetup-allocator-temp-initial-block-size-worker=262144"
    "memorysetup-temp-allocator-size-background-worker=32768"
    "memorysetup-temp-allocator-size-job-worker=262144"
    "memorysetup-temp-allocator-size-preload-manager=33554432"
    "memorysetup-temp-allocator-size-nav-mesh-worker=65536"
    "memorysetup-temp-allocator-size-audio-worker=65536"
    "memorysetup-temp-allocator-size-cloud-worker=32768"
    "memorysetup-temp-allocator-size-gi-baking-worker=262144"
    "memorysetup-temp-allocator-size-gfx=262144"
Player connection [35120] Host "[IP] 192.168.0.107 [Port] 0 [Flags] 2 [Guid] 3966018371 [EditorId] 3966018371 [Version] 1048832 [Id] WindowsEditor(7,Artur) [Debug] 1 [PackageName] WindowsEditor [ProjectName] Editor" joined multi-casting on [225.0.0.222:54997]...

Player connection [35120] Host "[IP] 192.168.0.107 [Port] 0 [Flags] 2 [Guid] 3966018371 [EditorId] 3966018371 [Version] 1048832 [Id] WindowsEditor(7,Artur) [Debug] 1 [PackageName] WindowsEditor [ProjectName] Editor" joined alternative multi-casting on [225.0.0.222:34997]...

[Physics::Module] Initialized MultithreadedJobDispatcher with 7 workers.
Refreshing native plugins compatible for Editor in 9.13 ms, found 3 plugins.
Preloading 0 native plugins for Editor in 0.00 ms.
Initialize engine version: 2022.3.16f1 (d2c21f0ef2f1)
[Subsystems] Discovering subsystems at path E:/Unity/2022.3.16f1/Editor/Data/Resources/UnitySubsystems
[Subsystems] Discovering subsystems at path E:/UBB/Inzynierka/Repos/UnityGame/MotionUnityGame/Assets
GfxDevice: creating device client; threaded=0; jobified=0
Direct3D:
    Version:  Direct3D 11.0 [level 11.1]
    Renderer: AMD Radeon RX 6600 (ID=0x73ff)
    Vendor:   ATI
    VRAM:     8147 MB
    Driver:   32.0.11037.4004
Initialize mono
Mono path[0] = 'E:/Unity/2022.3.16f1/Editor/Data/Managed'
Mono path[1] = 'E:/Unity/2022.3.16f1/Editor/Data/MonoBleedingEdge/lib/mono/unityjit-win32'
Mono config path = 'E:/Unity/2022.3.16f1/Editor/Data/MonoBleedingEdge/etc'
Using monoOptions --debugger-agent=transport=dt_socket,embedding=1,server=y,suspend=n,address=127.0.0.1:56076
Begin MonoManager ReloadAssembly
Registering precompiled unity dll's ...
Register platform support module: E:/Unity/2022.3.16f1/Editor/Data/PlaybackEngines/WebGLSupport/UnityEditor.WebGL.Extensions.dll
Register platform support module: E:/Unity/2022.3.16f1/Editor/Data/PlaybackEngines/AndroidPlayer/UnityEditor.Android.Extensions.dll
Register platform support module: E:/Unity/2022.3.16f1/Editor/Data/PlaybackEngines/WindowsStandaloneSupport/UnityEditor.WindowsStandalone.Extensions.dll
Registered in 0.004902 seconds.
- Loaded All Assemblies, in  0.332 seconds
Native extension for WindowsStandalone target not found
Native extension for Android target not found
Native extension for WebGL target not found
Mono: successfully reloaded assembly
- Finished resetting the current domain, in  0.275 seconds
Domain Reload Profiling: 607ms
	BeginReloadAssembly (115ms)
		ExecutionOrderSort (0ms)
		DisableScriptedObjects (0ms)
		BackupInstance (0ms)
		ReleaseScriptingObjects (0ms)
		CreateAndSetChildDomain (1ms)
	RebuildCommonClasses (28ms)
	RebuildNativeTypeToScriptingClass (7ms)
	initialDomainReloadingComplete (48ms)
	LoadAllAssembliesAndSetupDomain (134ms)
		LoadAssemblies (116ms)
		RebuildTransferFunctionScriptingTraits (0ms)
		AnalyzeDomain (130ms)
			TypeCache.Refresh (129ms)
				TypeCache.ScanAssembly (117ms)
			ScanForSourceGeneratedMonoScriptInfo (0ms)
			ResolveRequiredComponents (0ms)
	FinalizeReload (275ms)
		ReleaseScriptCaches (0ms)
		RebuildScriptCaches (0ms)
		SetupLoadedEditorAssemblies (227ms)
			LogAssemblyErrors (0ms)
			InitializePlatformSupportModulesInManaged (85ms)
			SetLoadedEditorAssemblies (3ms)
			RefreshPlugins (0ms)
			BeforeProcessingInitializeOnLoad (2ms)
			ProcessInitializeOnLoadAttributes (98ms)
			ProcessInitializeOnLoadMethodAttributes (39ms)
			AfterProcessingInitializeOnLoad (0ms)
			EditorAssembliesLoaded (0ms)
		ExecutionOrderSort2 (0ms)
		AwakeInstancesAfterBackupRestoration (0ms)
========================================================================
Worker process is ready to serve import requests
Begin MonoManager ReloadAssembly
- Loaded All Assemblies, in  0.554 seconds
Refreshing native plugins compatible for Editor in 3.38 ms, found 3 plugins.
Native extension for WindowsStandalone target not found
Native extension for Android target not found
Native extension for WebGL target not found
Package Manager log level set to [2]
[Package Manager] Server::EnsureServerProcessIsRunning -- launch failed, reason: Unity was launched with the -noUpm command-line argument
[Package Manager] UpmClient::Send -- Unable to send message (not connected to UPM process).
[Package Manager] Cannot connect to Unity Package Manager local server
Mono: successfully reloaded assembly
- Finished resetting the current domain, in  0.545 seconds
Domain Reload Profiling: 1099ms
	BeginReloadAssembly (142ms)
		ExecutionOrderSort (0ms)
		DisableScriptedObjects (4ms)
		BackupInstance (0ms)
		ReleaseScriptingObjects (0ms)
		CreateAndSetChildDomain (21ms)
	RebuildCommonClasses (27ms)
	RebuildNativeTypeToScriptingClass (9ms)
	initialDomainReloadingComplete (31ms)
	LoadAllAssembliesAndSetupDomain (344ms)
		LoadAssemblies (272ms)
		RebuildTransferFunctionScriptingTraits (0ms)
		AnalyzeDomain (161ms)
			TypeCache.Refresh (143ms)
				TypeCache.ScanAssembly (127ms)
			ScanForSourceGeneratedMonoScriptInfo (13ms)
			ResolveRequiredComponents (3ms)
	FinalizeReload (546ms)
		ReleaseScriptCaches (0ms)
		RebuildScriptCaches (0ms)
		SetupLoadedEditorAssemblies (409ms)
			LogAssemblyErrors (0ms)
			InitializePlatformSupportModulesInManaged (19ms)
			SetLoadedEditorAssemblies (2ms)
			RefreshPlugins (0ms)
			BeforeProcessingInitializeOnLoad (48ms)
			ProcessInitializeOnLoadAttributes (322ms)
			ProcessInitializeOnLoadMethodAttributes (16ms)
			AfterProcessingInitializeOnLoad (1ms)
			EditorAssembliesLoaded (0ms)
		ExecutionOrderSort2 (0ms)
		AwakeInstancesAfterBackupRestoration (6ms)
Launched and connected shader compiler UnityShaderCompiler.exe after 0.03 seconds
Refreshing native plugins compatible for Editor in 3.27 ms, found 3 plugins.
Preloading 0 native plugins for Editor in 0.00 ms.
Unloading 3176 Unused Serialized files (Serialized files now loaded: 0)
Unloading 36 unused Assets / (32.3 KB). Loaded Objects now: 3672.
Memory consumption went from 165.4 MB to 165.4 MB.
Total: 2.401300 ms (FindLiveObjects: 0.194500 ms CreateObjectMapping: 0.089700 ms MarkObjects: 2.062000 ms  DeleteObjects: 0.054200 ms)

AssetImportParameters requested are different than current active one (requested -> active):
  custom:container-demuxer-ogg: 62fdf1f143b41e24485cea50d1cbac27 -> 
  custom:video-decoder-ogg-theora: a1e56fd34408186e4bbccfd4996cb3dc -> 
  custom:framework-win-MediaFoundation: 216162199b28c13a410421893ffa2e32 -> 
  custom:CustomObjectIndexerAttribute: 43b350a4d6e6d1791af0b5038c4bea17 -> 
  custom:container-demuxer-webm: 4f35f7cbe854078d1ac9338744f61a02 -> 
  custom:container-muxer-webm: aa71ff27fc2769a1b78a27578f13a17b -> 
  custom:video-decoder-webm-vp8: 9c59270c3fd7afecdb556c50c9e8de78 -> 
  custom:SearchIndexIgnoredProperties: e643bd26f0fe6173181afceb89e7c659 -> 
  custom:AudioImporter_EditorPlatform: d09bf68614088b80899f8185d706f6e7 -> 
  custom:video-encoder-webm-vp8: eb34c28f22e8b96e1ab97ce403110664 -> 
  custom:audio-decoder-ogg-vorbis: bf7c407c2cedff20999df2af8eb42d56 -> 
  custom:audio-encoder-webm-vorbis: bf7c407c2cedff20999df2af8eb42d56 -> 
========================================================================
Received Import Request.
  Time since last request: 278325.760470 seconds.
  path: Assets/Polytope Studio/Lowpoly_Environments/Sources/Textures/NewLayer.terrainlayer
  artifactKey: Guid(b20124616ba63a8439863337358e094a) Importer(815301076,1909f56bfc062723c751e8b465ee728b)
Start importing Assets/Polytope Studio/Lowpoly_Environments/Sources/Textures/NewLayer.terrainlayer using Guid(b20124616ba63a8439863337358e094a) Importer(815301076,1909f56bfc062723c751e8b465ee728b)  -> (artifact id: 'c3130c2cf3c69bbabcb2804f3e774f3e') in 0.065842 seconds
Number of updated asset objects reloaded before import = 0
Number of asset objects unloaded after import = 2
========================================================================
Received Import Request.
  Time since last request: 30.553808 seconds.
  path: Assets/Snow Mountain/Materials/whitePlane.mat
  artifactKey: Guid(0b4d14158efca2b4aa691b18b8a58e67) Importer(815301076,1909f56bfc062723c751e8b465ee728b)
Start importing Assets/Snow Mountain/Materials/whitePlane.mat using Guid(0b4d14158efca2b4aa691b18b8a58e67) Importer(815301076,1909f56bfc062723c751e8b465ee728b)  -> (artifact id: '41c581114e7a75c07d1e83437dd87763') in 0.064220 seconds
Number of updated asset objects reloaded before import = 0
Number of asset objects unloaded after import = 1
========================================================================
Received Prepare
Begin MonoManager ReloadAssembly
- Loaded All Assemblies, in  0.511 seconds
Refreshing native plugins compatible for Editor in 3.58 ms, found 3 plugins.
Native extension for WindowsStandalone target not found
Native extension for Android target not found
Native extension for WebGL target not found
[Package Manager] Server::EnsureServerProcessIsRunning -- launch failed, reason: Unity was launched with the -noUpm command-line argument
[Package Manager] UpmClient::Send -- Unable to send message (not connected to UPM process).
[Package Manager] Cannot connect to Unity Package Manager local server
Mono: successfully reloaded assembly
- Finished resetting the current domain, in  0.866 seconds
Domain Reload Profiling: 1377ms
	BeginReloadAssembly (179ms)
		ExecutionOrderSort (0ms)
		DisableScriptedObjects (3ms)
		BackupInstance (0ms)
		ReleaseScriptingObjects (0ms)
		CreateAndSetChildDomain (46ms)
	RebuildCommonClasses (26ms)
	RebuildNativeTypeToScriptingClass (12ms)
	initialDomainReloadingComplete (30ms)
	LoadAllAssembliesAndSetupDomain (264ms)
		LoadAssemblies (349ms)
		RebuildTransferFunctionScriptingTraits (0ms)
		AnalyzeDomain (18ms)
			TypeCache.Refresh (7ms)
				TypeCache.ScanAssembly (1ms)
			ScanForSourceGeneratedMonoScriptInfo (6ms)
			ResolveRequiredComponents (4ms)
	FinalizeReload (866ms)
		ReleaseScriptCaches (0ms)
		RebuildScriptCaches (0ms)
		SetupLoadedEditorAssemblies (400ms)
			LogAssemblyErrors (0ms)
			InitializePlatformSupportModulesInManaged (22ms)
			SetLoadedEditorAssemblies (2ms)
			RefreshPlugins (0ms)
			BeforeProcessingInitializeOnLoad (50ms)
			ProcessInitializeOnLoadAttributes (303ms)
			ProcessInitializeOnLoadMethodAttributes (22ms)
			AfterProcessingInitializeOnLoad (2ms)
			EditorAssembliesLoaded (0ms)
		ExecutionOrderSort2 (0ms)
		AwakeInstancesAfterBackupRestoration (7ms)
Refreshing native plugins compatible for Editor in 3.00 ms, found 3 plugins.
Preloading 0 native plugins for Editor in 0.00 ms.
Unloading 3158 Unused Serialized files (Serialized files now loaded: 0)
Unloading 28 unused Assets / (33.7 KB). Loaded Objects now: 3718.
Memory consumption went from 163.4 MB to 163.4 MB.
Total: 2.155700 ms (FindLiveObjects: 0.181000 ms CreateObjectMapping: 0.066300 ms MarkObjects: 1.861100 ms  DeleteObjects: 0.046400 ms)

Prepare: number of updated asset objects reloaded= 0
AssetImportParameters requested are different than current active one (requested -> active):
  custom:container-demuxer-ogg: 62fdf1f143b41e24485cea50d1cbac27 -> 
  custom:video-decoder-ogg-theora: a1e56fd34408186e4bbccfd4996cb3dc -> 
  custom:framework-win-MediaFoundation: 216162199b28c13a410421893ffa2e32 -> 
  custom:CustomObjectIndexerAttribute: 43b350a4d6e6d1791af0b5038c4bea17 -> 
  custom:container-demuxer-webm: 4f35f7cbe854078d1ac9338744f61a02 -> 
  custom:container-muxer-webm: aa71ff27fc2769a1b78a27578f13a17b -> 
  custom:video-decoder-webm-vp8: 9c59270c3fd7afecdb556c50c9e8de78 -> 
  custom:SearchIndexIgnoredProperties: e643bd26f0fe6173181afceb89e7c659 -> 
  custom:AudioImporter_EditorPlatform: d09bf68614088b80899f8185d706f6e7 -> 
  custom:video-encoder-webm-vp8: eb34c28f22e8b96e1ab97ce403110664 -> 
  custom:audio-decoder-ogg-vorbis: bf7c407c2cedff20999df2af8eb42d56 -> 
  custom:audio-encoder-webm-vorbis: bf7c407c2cedff20999df2af8eb42d56 -> 
========================================================================
Received Import Request.
  Time since last request: 422.528321 seconds.
  path: Assets/Waldemarst/JapaneseGardenPackage/Materials/brocco_jg_grass_01.mat
  artifactKey: Guid(9f14e308898371238a84a2c559d3a217) Importer(815301076,1909f56bfc062723c751e8b465ee728b)
Start importing Assets/Waldemarst/JapaneseGardenPackage/Materials/brocco_jg_grass_01.mat using Guid(9f14e308898371238a84a2c559d3a217) Importer(815301076,1909f56bfc062723c751e8b465ee728b)  -> (artifact id: 'e5c5a50ec0f2121dd0fd99f6b8f14ea9') in 0.093738 seconds
Number of updated asset objects reloaded before import = 0
Number of asset objects unloaded after import = 2
========================================================================
Received Import Request.
  Time since last request: 0.000022 seconds.
  path: Assets/Waldemarst/JapaneseGardenPackage/Materials/Pebbles_020_normal.mat
  artifactKey: Guid(4224071a3b93b8e90abdb07b0da864ef) Importer(815301076,1909f56bfc062723c751e8b465ee728b)
Start importing Assets/Waldemarst/JapaneseGardenPackage/Materials/Pebbles_020_normal.mat using Guid(4224071a3b93b8e90abdb07b0da864ef) Importer(815301076,1909f56bfc062723c751e8b465ee728b)  -> (artifact id: '97e0e78946a038ee488b10d0283d13aa') in 0.017361 seconds
Number of updated asset objects reloaded before import = 0
Number of asset objects unloaded after import = 2
========================================================================
Received Import Request.
  Time since last request: 0.000017 seconds.
  path: Assets/Waldemarst/JapaneseGardenPackage/Materials/Grass_005_BaseColor.mat
  artifactKey: Guid(2dd068ddd8246145ca36f895301918ca) Importer(815301076,1909f56bfc062723c751e8b465ee728b)
Start importing Assets/Waldemarst/JapaneseGardenPackage/Materials/Grass_005_BaseColor.mat using Guid(2dd068ddd8246145ca36f895301918ca) Importer(815301076,1909f56bfc062723c751e8b465ee728b)  -> (artifact id: 'faf10c02d22d1c8f3205a006851cb112') in 0.015217 seconds
Number of updated asset objects reloaded before import = 0
Number of asset objects unloaded after import = 1
========================================================================
Received Import Request.
  Time since last request: 0.000028 seconds.
  path: Assets/Waldemarst/JapaneseGardenPackage/Materials/Pebbles_020_basecolor.mat
  artifactKey: Guid(d6575047926a1bcdbb5b54ddb8eb98b5) Importer(815301076,1909f56bfc062723c751e8b465ee728b)
Start importing Assets/Waldemarst/JapaneseGardenPackage/Materials/Pebbles_020_basecolor.mat using Guid(d6575047926a1bcdbb5b54ddb8eb98b5) Importer(815301076,1909f56bfc062723c751e8b465ee728b)  -> (artifact id: '7fa529b8ce8b372c845c3af2f8fb7e75') in 0.016867 seconds
Number of updated asset objects reloaded before import = 0
Number of asset objects unloaded after import = 2
========================================================================
Received Import Request.
  Time since last request: 0.000041 seconds.
  path: Assets/Waldemarst/JapaneseGardenPackage/Materials/brocco_jp_skybox.mat
  artifactKey: Guid(ff22c4ed1f97dfe8c80195274bf1511a) Importer(815301076,1909f56bfc062723c751e8b465ee728b)
Start importing Assets/Waldemarst/JapaneseGardenPackage/Materials/brocco_jp_skybox.mat using Guid(ff22c4ed1f97dfe8c80195274bf1511a) Importer(815301076,1909f56bfc062723c751e8b465ee728b)  -> (artifact id: '75b394cbca9123fc637019381a0eccaf') in 0.019936 seconds
Number of updated asset objects reloaded before import = 0
Number of asset objects unloaded after import = 1
========================================================================
Received Import Request.
  Time since last request: 0.000017 seconds.
  path: Assets/Waldemarst/JapaneseGardenPackage/Materials/brocoo_jg_torii.mat
  artifactKey: Guid(b79139d6f5d25511b99bbda5b80c4caa) Importer(815301076,1909f56bfc062723c751e8b465ee728b)
Start importing Assets/Waldemarst/JapaneseGardenPackage/Materials/brocoo_jg_torii.mat using Guid(b79139d6f5d25511b99bbda5b80c4caa) Importer(815301076,1909f56bfc062723c751e8b465ee728b)  -> (artifact id: 'f9b998d6a737aa8077fc0850727547c4') in 0.016945 seconds
Number of updated asset objects reloaded before import = 0
Number of asset objects unloaded after import = 2
========================================================================
Received Import Request.
  Time since last request: 0.000017 seconds.
  path: Assets/Waldemarst/JapaneseGardenPackage/Materials/brocco_jg_grass_03.mat
  artifactKey: Guid(caa5a0a3cca623af391273878a049f01) Importer(815301076,1909f56bfc062723c751e8b465ee728b)
Start importing Assets/Waldemarst/JapaneseGardenPackage/Materials/brocco_jg_grass_03.mat using Guid(caa5a0a3cca623af391273878a049f01) Importer(815301076,1909f56bfc062723c751e8b465ee728b)  -> (artifact id: '83b45164b12c7bb1da4cd3c215950362') in 0.018351 seconds
Number of updated asset objects reloaded before import = 0
Number of asset objects unloaded after import = 2
========================================================================
Received Import Request.
  Time since last request: 0.000019 seconds.
  path: Assets/Waldemarst/JapaneseGardenPackage/Materials/CalibrationFloor.mat
  artifactKey: Guid(3a0079caf67afc01eae833b898b39a70) Importer(815301076,1909f56bfc062723c751e8b465ee728b)
Start importing Assets/Waldemarst/JapaneseGardenPackage/Materials/CalibrationFloor.mat using Guid(3a0079caf67afc01eae833b898b39a70) Importer(815301076,1909f56bfc062723c751e8b465ee728b)  -> (artifact id: 'f5701fc44707f41ef4d4951fbc55fcae') in 0.019629 seconds
Number of updated asset objects reloaded before import = 0
Number of asset objects unloaded after import = 2
========================================================================
Received Import Request.
  Time since last request: 0.000024 seconds.
  path: Assets/Waldemarst/JapaneseGardenPackage/Materials/Ground_Wet_Pebbles_001_basecolor.mat
  artifactKey: Guid(a542b962dc7df9684abb6aa51fcf3284) Importer(815301076,1909f56bfc062723c751e8b465ee728b)
Start importing Assets/Waldemarst/JapaneseGardenPackage/Materials/Ground_Wet_Pebbles_001_basecolor.mat using Guid(a542b962dc7df9684abb6aa51fcf3284) Importer(815301076,1909f56bfc062723c751e8b465ee728b)  -> (artifact id: '7393192f48e6c263c8453cd62bec38eb') in 0.110153 seconds
Number of updated asset objects reloaded before import = 0
Number of asset objects unloaded after import = 3
========================================================================
Received Import Request.
  Time since last request: 2.486876 seconds.
  path: Assets/Waldemarst/JapaneseGardenPackage/Prefabs/BlackPineTree_B.prefab
  artifactKey: Guid(6a8478d973ae3ac75a084871ef5cbffb) Importer(815301076,1909f56bfc062723c751e8b465ee728b)
Start importing Assets/Waldemarst/JapaneseGardenPackage/Prefabs/BlackPineTree_B.prefab using Guid(6a8478d973ae3ac75a084871ef5cbffb) Importer(815301076,1909f56bfc062723c751e8b465ee728b)  -> (artifact id: 'fed840c8456d0fb2ba4596d01e90bff6') in 1.643339 seconds
Number of updated asset objects reloaded before import = 0
Number of asset objects unloaded after import = 29
========================================================================
Received Import Request.
  Time since last request: 0.000022 seconds.
  path: Assets/Waldemarst/JapaneseGardenPackage/Prefabs/torii.obj
  artifactKey: Guid(bc9773c775d98153b91b9a7c25ecccab) Importer(815301076,1909f56bfc062723c751e8b465ee728b)
Start importing Assets/Waldemarst/JapaneseGardenPackage/Prefabs/torii.obj using Guid(bc9773c775d98153b91b9a7c25ecccab) Importer(815301076,1909f56bfc062723c751e8b465ee728b)  -> (artifact id: 'c9ae976ac76a1c4f4924a36a652e33a2') in 0.024881 seconds
Number of updated asset objects reloaded before import = 0
Number of asset objects unloaded after import = 10
========================================================================
Received Import Request.
  Time since last request: 0.000027 seconds.
  path: Assets/Waldemarst/JapaneseGardenPackage/Prefabs/SakuraTree_E.prefab
  artifactKey: Guid(f6208658c4d45bf5c944dd7806489932) Importer(815301076,1909f56bfc062723c751e8b465ee728b)
Start importing Assets/Waldemarst/JapaneseGardenPackage/Prefabs/SakuraTree_E.prefab using Guid(f6208658c4d45bf5c944dd7806489932) Importer(815301076,1909f56bfc062723c751e8b465ee728b)  -> (artifact id: 'e3ba0fab28e125a1a1a53e751633dc91') in 0.040340 seconds
Number of updated asset objects reloaded before import = 0
Number of asset objects unloaded after import = 28
========================================================================
Received Import Request.
  Time since last request: 0.000016 seconds.
  path: Assets/Waldemarst/JapaneseGardenPackage/Prefabs/SakuraTree_D.prefab
  artifactKey: Guid(261441bc3708ec7aa8a2c288c3fab3ef) Importer(815301076,1909f56bfc062723c751e8b465ee728b)
Start importing Assets/Waldemarst/JapaneseGardenPackage/Prefabs/SakuraTree_D.prefab using Guid(261441bc3708ec7aa8a2c288c3fab3ef) Importer(815301076,1909f56bfc062723c751e8b465ee728b)  -> (artifact id: 'b5d66b5f09c5c9911eee2c2af1529570') in 0.043347 seconds
Number of updated asset objects reloaded before import = 0
Number of asset objects unloaded after import = 28
========================================================================
Received Import Request.
  Time since last request: 0.000014 seconds.
  path: Assets/Waldemarst/JapaneseGardenPackage/Prefabs/BlackPineTree_E.prefab
  artifactKey: Guid(783170933d5c442f2a2ab32f0fb0502a) Importer(815301076,1909f56bfc062723c751e8b465ee728b)
Start importing Assets/Waldemarst/JapaneseGardenPackage/Prefabs/BlackPineTree_E.prefab using Guid(783170933d5c442f2a2ab32f0fb0502a) Importer(815301076,1909f56bfc062723c751e8b465ee728b)  -> (artifact id: '0a4077046e7999d19041655a8b37b58c') in 0.045926 seconds
Number of updated asset objects reloaded before import = 0
Number of asset objects unloaded after import = 29
========================================================================
Received Import Request.
  Time since last request: 0.000018 seconds.
  path: Assets/Waldemarst/JapaneseGardenPackage/Prefabs/SakuraTree_C.prefab
  artifactKey: Guid(67d3abe897c93a08e9593b0a183f2bb4) Importer(815301076,1909f56bfc062723c751e8b465ee728b)
Start importing Assets/Waldemarst/JapaneseGardenPackage/Prefabs/SakuraTree_C.prefab using Guid(67d3abe897c93a08e9593b0a183f2bb4) Importer(815301076,1909f56bfc062723c751e8b465ee728b)  -> (artifact id: '8381aa9445b8b7f99ab579550aaaf9d5') in 0.411419 seconds
Number of updated asset objects reloaded before import = 0
Number of asset objects unloaded after import = 28
========================================================================
Received Import Request.
  Time since last request: 8.556654 seconds.
  path: Assets/Waldemarst/JapaneseGardenPackage/Prefabs/SakuraTree_A_Textures/bark.png
  artifactKey: Guid(97a95bfef6456470faf2a1abd38f64e1) Importer(815301076,1909f56bfc062723c751e8b465ee728b)
Start importing Assets/Waldemarst/JapaneseGardenPackage/Prefabs/SakuraTree_A_Textures/bark.png using Guid(97a95bfef6456470faf2a1abd38f64e1) Importer(815301076,1909f56bfc062723c751e8b465ee728b)  -> (artifact id: '0f0fe9a36fd2645f65afdec6c4a5e758') in 0.024688 seconds
Number of updated asset objects reloaded before import = 0
Number of asset objects unloaded after import = 2
========================================================================
Received Import Request.
  Time since last request: 0.000016 seconds.
  path: Assets/Waldemarst/JapaneseGardenPackage/Prefabs/SakuraTree_A_Textures/billboard.png
  artifactKey: Guid(3f2d5db374968e0998ff86b4d0c8dd00) Importer(815301076,1909f56bfc062723c751e8b465ee728b)
Start importing Assets/Waldemarst/JapaneseGardenPackage/Prefabs/SakuraTree_A_Textures/billboard.png using Guid(3f2d5db374968e0998ff86b4d0c8dd00) Importer(815301076,1909f56bfc062723c751e8b465ee728b)  -> (artifact id: '5745355c3dbc35183d39eae12574829d') in 0.014687 seconds
Number of updated asset objects reloaded before import = 0
Number of asset objects unloaded after import = 2
========================================================================
Received Import Request.
  Time since last request: 0.000015 seconds.
  path: Assets/Waldemarst/JapaneseGardenPackage/Prefabs/SakuraTree_A_Textures/normal_atlas.png
  artifactKey: Guid(6a784bb8f497525618590125fb74ba0f) Importer(815301076,1909f56bfc062723c751e8b465ee728b)
Start importing Assets/Waldemarst/JapaneseGardenPackage/Prefabs/SakuraTree_A_Textures/normal_atlas.png using Guid(6a784bb8f497525618590125fb74ba0f) Importer(815301076,1909f56bfc062723c751e8b465ee728b)  -> (artifact id: 'de24a289cb3eb0cf209d86b343f0b6af') in 0.017697 seconds
Number of updated asset objects reloaded before import = 0
Number of asset objects unloaded after import = 2
========================================================================
Received Import Request.
  Time since last request: 5.905460 seconds.
  path: Assets/Waldemarst/JapaneseGardenPackage/Textures/brocco_jg_grass_01.jpg
  artifactKey: Guid(c18478a6da1be4c3ead98c95909a392b) Importer(815301076,1909f56bfc062723c751e8b465ee728b)
Start importing Assets/Waldemarst/JapaneseGardenPackage/Textures/brocco_jg_grass_01.jpg using Guid(c18478a6da1be4c3ead98c95909a392b) Importer(815301076,1909f56bfc062723c751e8b465ee728b)  -> (artifact id: '411ee2707039d067928f4df4dc681303') in 0.034349 seconds
Number of updated asset objects reloaded before import = 0
Number of asset objects unloaded after import = 2
========================================================================
Received Import Request.
  Time since last request: 0.000017 seconds.
  path: Assets/Waldemarst/JapaneseGardenPackage/Textures/brocco_jg_rock_normal.png
  artifactKey: Guid(26c8361caba48f4aba2af966c0d53e84) Importer(815301076,1909f56bfc062723c751e8b465ee728b)
Start importing Assets/Waldemarst/JapaneseGardenPackage/Textures/brocco_jg_rock_normal.png using Guid(26c8361caba48f4aba2af966c0d53e84) Importer(815301076,1909f56bfc062723c751e8b465ee728b)  -> (artifact id: '7cc208994e173479ef027945042567c0') in 0.021481 seconds
Number of updated asset objects reloaded before import = 0
Number of asset objects unloaded after import = 2
========================================================================
Received Import Request.
  Time since last request: 0.000017 seconds.
  path: Assets/Waldemarst/JapaneseGardenPackage/Textures/brocco_jg_moss03_normal.png
  artifactKey: Guid(ef82a3fb98dc183a28253903aae8dd51) Importer(815301076,1909f56bfc062723c751e8b465ee728b)
Start importing Assets/Waldemarst/JapaneseGardenPackage/Textures/brocco_jg_moss03_normal.png using Guid(ef82a3fb98dc183a28253903aae8dd51) Importer(815301076,1909f56bfc062723c751e8b465ee728b)  -> (artifact id: 'e2bfebf629001b16399d6b37233a6075') in 0.013593 seconds
Number of updated asset objects reloaded before import = 0
Number of asset objects unloaded after import = 2
========================================================================
Received Import Request.
  Time since last request: 0.000014 seconds.
  path: Assets/Waldemarst/JapaneseGardenPackage/Textures/brocco_jg_wet_dirt_01.png
  artifactKey: Guid(a59a3a21152c24fed93fe6b45a783726) Importer(815301076,1909f56bfc062723c751e8b465ee728b)
Start importing Assets/Waldemarst/JapaneseGardenPackage/Textures/brocco_jg_wet_dirt_01.png using Guid(a59a3a21152c24fed93fe6b45a783726) Importer(815301076,1909f56bfc062723c751e8b465ee728b)  -> (artifact id: '361a6c8413e27ce80112aadd712541cd') in 0.013407 seconds
Number of updated asset objects reloaded before import = 0
Number of asset objects unloaded after import = 2
========================================================================
Received Import Request.
  Time since last request: 0.000017 seconds.
  path: Assets/Waldemarst/JapaneseGardenPackage/Textures/brocco_jg_wet_pebbles_normal.jpg
  artifactKey: Guid(6be91ec3ba6eb6ecab654a01364e23ba) Importer(815301076,1909f56bfc062723c751e8b465ee728b)
Start importing Assets/Waldemarst/JapaneseGardenPackage/Textures/brocco_jg_wet_pebbles_normal.jpg using Guid(6be91ec3ba6eb6ecab654a01364e23ba) Importer(815301076,1909f56bfc062723c751e8b465ee728b)  -> (artifact id: '9e9f7ee57537a547805146c53c10db01') in 0.014554 seconds
Number of updated asset objects reloaded before import = 0
Number of asset objects unloaded after import = 2
========================================================================
Received Import Request.
  Time since last request: 0.000029 seconds.
  path: Assets/Waldemarst/JapaneseGardenPackage/Textures/CalibrationFloorLightDiffuse.png
  artifactKey: Guid(4eaa43c4d7770fe708e4c7b884f09e71) Importer(815301076,1909f56bfc062723c751e8b465ee728b)
Start importing Assets/Waldemarst/JapaneseGardenPackage/Textures/CalibrationFloorLightDiffuse.png using Guid(4eaa43c4d7770fe708e4c7b884f09e71) Importer(815301076,1909f56bfc062723c751e8b465ee728b)  -> (artifact id: 'efd3bfaf39d7a1270bd2552653c350f8') in 0.019292 seconds
Number of updated asset objects reloaded before import = 0
Number of asset objects unloaded after import = 2
========================================================================
Received Import Request.
  Time since last request: 0.000015 seconds.
  path: Assets/Waldemarst/JapaneseGardenPackage/Textures/LayerWetPebbles.terrainlayer
  artifactKey: Guid(580ebbea51a141f57a6e4180b53de3fd) Importer(815301076,1909f56bfc062723c751e8b465ee728b)
Start importing Assets/Waldemarst/JapaneseGardenPackage/Textures/LayerWetPebbles.terrainlayer using Guid(580ebbea51a141f57a6e4180b53de3fd) Importer(815301076,1909f56bfc062723c751e8b465ee728b)  -> (artifact id: '711a84b27edfaadea90cbb36469d6549') in 0.023571 seconds
Number of updated asset objects reloaded before import = 0
Number of asset objects unloaded after import = 4
========================================================================
Received Import Request.
  Time since last request: 0.000013 seconds.
  path: Assets/Waldemarst/JapaneseGardenPackage/Textures/LayerPebbles.terrainlayer
  artifactKey: Guid(5ee67f59c9a74ce04a480dd6f93514ff) Importer(815301076,1909f56bfc062723c751e8b465ee728b)
Start importing Assets/Waldemarst/JapaneseGardenPackage/Textures/LayerPebbles.terrainlayer using Guid(5ee67f59c9a74ce04a480dd6f93514ff) Importer(815301076,1909f56bfc062723c751e8b465ee728b)  -> (artifact id: '007fbf8945af64159c3b70bffe8fec02') in 0.014272 seconds
Number of updated asset objects reloaded before import = 0
Number of asset objects unloaded after import = 4
========================================================================
Received Import Request.
  Time since last request: 0.000014 seconds.
  path: Assets/Waldemarst/JapaneseGardenPackage/Textures/LayerDirt.terrainlayer
  artifactKey: Guid(7876ad99348dec23a811c4af45fc881e) Importer(815301076,1909f56bfc062723c751e8b465ee728b)
Start importing Assets/Waldemarst/JapaneseGardenPackage/Textures/LayerDirt.terrainlayer using Guid(7876ad99348dec23a811c4af45fc881e) Importer(815301076,1909f56bfc062723c751e8b465ee728b)  -> (artifact id: '92502c708b19935b2f5a69f85d5ee190') in 0.012712 seconds
Number of updated asset objects reloaded before import = 0
Number of asset objects unloaded after import = 2
========================================================================
Received Import Request.
  Time since last request: 0.000032 seconds.
  path: Assets/Waldemarst/JapaneseGardenPackage/Textures/brocco_jg_pebbles.jpg
  artifactKey: Guid(d9bc61b9ae839da0d8aaef83d8043d40) Importer(815301076,1909f56bfc062723c751e8b465ee728b)
Start importing Assets/Waldemarst/JapaneseGardenPackage/Textures/brocco_jg_pebbles.jpg using Guid(d9bc61b9ae839da0d8aaef83d8043d40) Importer(815301076,1909f56bfc062723c751e8b465ee728b)  -> (artifact id: '2c22519c4960895cb60ae6915fe5464b') in 0.013796 seconds
Number of updated asset objects reloaded before import = 0
Number of asset objects unloaded after import = 2
========================================================================
Received Import Request.
  Time since last request: 275.303698 seconds.
  path: Assets/Waldemarst/JapaneseGardenPackage/Prefabs/SakuraTree_C_Textures/bark.png
  artifactKey: Guid(d83cee36067f80330a102080c20b44fa) Importer(815301076,1909f56bfc062723c751e8b465ee728b)
Start importing Assets/Waldemarst/JapaneseGardenPackage/Prefabs/SakuraTree_C_Textures/bark.png using Guid(d83cee36067f80330a102080c20b44fa) Importer(815301076,1909f56bfc062723c751e8b465ee728b)  -> (artifact id: '9aa28d520401a799285359dc124e021a') in 0.024506 seconds
Number of updated asset objects reloaded before import = 0
Number of asset objects unloaded after import = 2
========================================================================
Received Import Request.
  Time since last request: 0.000018 seconds.
  path: Assets/Waldemarst/JapaneseGardenPackage/Prefabs/SakuraTree_C_Textures/billboard.png
  artifactKey: Guid(59fecf9c28dcab7fd8fb66503963b428) Importer(815301076,1909f56bfc062723c751e8b465ee728b)
Start importing Assets/Waldemarst/JapaneseGardenPackage/Prefabs/SakuraTree_C_Textures/billboard.png using Guid(59fecf9c28dcab7fd8fb66503963b428) Importer(815301076,1909f56bfc062723c751e8b465ee728b)  -> (artifact id: '976702d5ddae521002be3e75606c7581') in 0.016356 seconds
Number of updated asset objects reloaded before import = 0
Number of asset objects unloaded after import = 2
========================================================================
Received Import Request.
  Time since last request: 0.000016 seconds.
  path: Assets/Waldemarst/JapaneseGardenPackage/Prefabs/SakuraTree_C_Textures/translucency_gloss.png
  artifactKey: Guid(5a0f30094c4e83656a2a26b13fabe9d7) Importer(815301076,1909f56bfc062723c751e8b465ee728b)
Start importing Assets/Waldemarst/JapaneseGardenPackage/Prefabs/SakuraTree_C_Textures/translucency_gloss.png using Guid(5a0f30094c4e83656a2a26b13fabe9d7) Importer(815301076,1909f56bfc062723c751e8b465ee728b)  -> (artifact id: '81587581f837f2ed66ff18e46488f9e6') in 0.008680 seconds
Number of updated asset objects reloaded before import = 0
Number of asset objects unloaded after import = 2
========================================================================
Received Import Request.
  Time since last request: 0.000030 seconds.
  path: Assets/Waldemarst/JapaneseGardenPackage/Prefabs/SakuraTree_C_Textures/shadow.png
  artifactKey: Guid(dd28452eed7944b4484a46ac8cfc5546) Importer(815301076,1909f56bfc062723c751e8b465ee728b)
Start importing Assets/Waldemarst/JapaneseGardenPackage/Prefabs/SakuraTree_C_Textures/shadow.png using Guid(dd28452eed7944b4484a46ac8cfc5546) Importer(815301076,1909f56bfc062723c751e8b465ee728b)  -> (artifact id: 'd5124e565bbbf9ccf0a354f232edb15f') in 0.006313 seconds
Number of updated asset objects reloaded before import = 0
Number of asset objects unloaded after import = 2
========================================================================
Received Import Request.
  Time since last request: 5.030714 seconds.
  path: Assets/Waldemarst/JapaneseGardenPackage/Prefabs/BlackPineTree_A_Textures/bark.png
  artifactKey: Guid(9507ffcfd9607540eac2189b3be05a07) Importer(815301076,1909f56bfc062723c751e8b465ee728b)
Start importing Assets/Waldemarst/JapaneseGardenPackage/Prefabs/BlackPineTree_A_Textures/bark.png using Guid(9507ffcfd9607540eac2189b3be05a07) Importer(815301076,1909f56bfc062723c751e8b465ee728b)  -> (artifact id: 'fed98b16358b4f23cf9e542559344e4f') in 0.020722 seconds
Number of updated asset objects reloaded before import = 0
Number of asset objects unloaded after import = 2
========================================================================
Received Import Request.
  Time since last request: 0.000013 seconds.
  path: Assets/Waldemarst/JapaneseGardenPackage/Prefabs/BlackPineTree_A_Textures/billboard.png
  artifactKey: Guid(888466df77cc4501baaa63695cc8de4d) Importer(815301076,1909f56bfc062723c751e8b465ee728b)
Start importing Assets/Waldemarst/JapaneseGardenPackage/Prefabs/BlackPineTree_A_Textures/billboard.png using Guid(888466df77cc4501baaa63695cc8de4d) Importer(815301076,1909f56bfc062723c751e8b465ee728b)  -> (artifact id: '934cf147aec15c4b256f4dca5324d76a') in 0.016636 seconds
Number of updated asset objects reloaded before import = 0
Number of asset objects unloaded after import = 2
========================================================================
Received Import Request.
  Time since last request: 0.000019 seconds.
  path: Assets/Waldemarst/JapaneseGardenPackage/Prefabs/BlackPineTree_A_Textures/billboard_normal.png
  artifactKey: Guid(70fb24123410cbbb5a0ffe83c74a75a2) Importer(815301076,1909f56bfc062723c751e8b465ee728b)
Start importing Assets/Waldemarst/JapaneseGardenPackage/Prefabs/BlackPineTree_A_Textures/billboard_normal.png using Guid(70fb24123410cbbb5a0ffe83c74a75a2) Importer(815301076,1909f56bfc062723c751e8b465ee728b)  -> (artifact id: '7e1222a18c37d3d55e6d37915614dad9') in 0.016841 seconds
Number of updated asset objects reloaded before import = 0
Number of asset objects unloaded after import = 2
========================================================================
Received Import Request.
  Time since last request: 1.954306 seconds.
  path: Assets/Waldemarst/JapaneseGardenPackage/Prefabs/BlackPineTree_B_Textures/bark.png
  artifactKey: Guid(8453cc28ee6c9ab5c911cd4df78a4270) Importer(815301076,1909f56bfc062723c751e8b465ee728b)
Start importing Assets/Waldemarst/JapaneseGardenPackage/Prefabs/BlackPineTree_B_Textures/bark.png using Guid(8453cc28ee6c9ab5c911cd4df78a4270) Importer(815301076,1909f56bfc062723c751e8b465ee728b)  -> (artifact id: '424ee9074db19916d1c6335906c56f00') in 0.024248 seconds
Number of updated asset objects reloaded before import = 0
Number of asset objects unloaded after import = 2
========================================================================
Received Import Request.
  Time since last request: 0.000017 seconds.
  path: Assets/Waldemarst/JapaneseGardenPackage/Prefabs/BlackPineTree_B_Textures/shadow.png
  artifactKey: Guid(6d607d6c698edadfbbf5f2621f4d04b6) Importer(815301076,1909f56bfc062723c751e8b465ee728b)
Start importing Assets/Waldemarst/JapaneseGardenPackage/Prefabs/BlackPineTree_B_Textures/shadow.png using Guid(6d607d6c698edadfbbf5f2621f4d04b6) Importer(815301076,1909f56bfc062723c751e8b465ee728b)  -> (artifact id: '9505441360bfb841fec7dac83461943d') in 0.007683 seconds
Number of updated asset objects reloaded before import = 0
Number of asset objects unloaded after import = 2
========================================================================
Received Import Request.
  Time since last request: 0.000028 seconds.
  path: Assets/Waldemarst/JapaneseGardenPackage/Prefabs/BlackPineTree_B_Textures/translucency_gloss.png
  artifactKey: Guid(d0850e601c87da79585359e87b872161) Importer(815301076,1909f56bfc062723c751e8b465ee728b)
Start importing Assets/Waldemarst/JapaneseGardenPackage/Prefabs/BlackPineTree_B_Textures/translucency_gloss.png using Guid(d0850e601c87da79585359e87b872161) Importer(815301076,1909f56bfc062723c751e8b465ee728b)  -> (artifact id: 'ffedeb9b3ba8e63da0748037d1f36489') in 0.007215 seconds
Number of updated asset objects reloaded before import = 0
Number of asset objects unloaded after import = 2
========================================================================
Received Import Request.
  Time since last request: 0.000015 seconds.
  path: Assets/Waldemarst/JapaneseGardenPackage/Prefabs/BlackPineTree_B_Textures/billboard.png
  artifactKey: Guid(f3b338aee4124b2bc8fb41c2de36c9d5) Importer(815301076,1909f56bfc062723c751e8b465ee728b)
Start importing Assets/Waldemarst/JapaneseGardenPackage/Prefabs/BlackPineTree_B_Textures/billboard.png using Guid(f3b338aee4124b2bc8fb41c2de36c9d5) Importer(815301076,1909f56bfc062723c751e8b465ee728b)  -> (artifact id: 'f922002a80d0f2d364a076e0850f1b2d') in 0.018122 seconds
Number of updated asset objects reloaded before import = 0
Number of asset objects unloaded after import = 2
========================================================================
Received Import Request.
  Time since last request: 2.269595 seconds.
  path: Assets/Waldemarst/JapaneseGardenPackage/Prefabs/BlackPineTree_C_Textures/bark.png
  artifactKey: Guid(6248f9b244ab752ec9ffe194e4887bb2) Importer(815301076,1909f56bfc062723c751e8b465ee728b)
Start importing Assets/Waldemarst/JapaneseGardenPackage/Prefabs/BlackPineTree_C_Textures/bark.png using Guid(6248f9b244ab752ec9ffe194e4887bb2) Importer(815301076,1909f56bfc062723c751e8b465ee728b)  -> (artifact id: 'f8382a5b16b2dcf2e77d2933a66a6379') in 0.020309 seconds
Number of updated asset objects reloaded before import = 0
Number of asset objects unloaded after import = 2
========================================================================
Received Import Request.
  Time since last request: 0.000016 seconds.
  path: Assets/Waldemarst/JapaneseGardenPackage/Prefabs/BlackPineTree_C_Textures/billboard_normal.png
  artifactKey: Guid(f612cd4f9e52e3384b034a6dc9104b08) Importer(815301076,1909f56bfc062723c751e8b465ee728b)
Start importing Assets/Waldemarst/JapaneseGardenPackage/Prefabs/BlackPineTree_C_Textures/billboard_normal.png using Guid(f612cd4f9e52e3384b034a6dc9104b08) Importer(815301076,1909f56bfc062723c751e8b465ee728b)  -> (artifact id: '76993429648b07534b865ec84e2bef8f') in 0.018922 seconds
Number of updated asset objects reloaded before import = 0
Number of asset objects unloaded after import = 2
========================================================================
Received Import Request.
  Time since last request: 0.000016 seconds.
  path: Assets/Waldemarst/JapaneseGardenPackage/Prefabs/BlackPineTree_C_Textures/normal_atlas.png
  artifactKey: Guid(4a71837636d0567b8945a2dd9b295862) Importer(815301076,1909f56bfc062723c751e8b465ee728b)
Start importing Assets/Waldemarst/JapaneseGardenPackage/Prefabs/BlackPineTree_C_Textures/normal_atlas.png using Guid(4a71837636d0567b8945a2dd9b295862) Importer(815301076,1909f56bfc062723c751e8b465ee728b)  -> (artifact id: '08d639962fd69682f03e340b6cbd9fd5') in 0.007770 seconds
Number of updated asset objects reloaded before import = 0
Number of asset objects unloaded after import = 2
========================================================================
Received Import Request.
  Time since last request: 2.360924 seconds.
  path: Assets/Waldemarst/JapaneseGardenPackage/Prefabs/BlackPineTree_D_Textures/bark.png
  artifactKey: Guid(4709aa5251e085b1a86c52ab8df28aee) Importer(815301076,1909f56bfc062723c751e8b465ee728b)
Start importing Assets/Waldemarst/JapaneseGardenPackage/Prefabs/BlackPineTree_D_Textures/bark.png using Guid(4709aa5251e085b1a86c52ab8df28aee) Importer(815301076,1909f56bfc062723c751e8b465ee728b)  -> (artifact id: '2d9c1a20b0f837e3d308320d77df58c1') in 0.020539 seconds
Number of updated asset objects reloaded before import = 0
Number of asset objects unloaded after import = 2
========================================================================
Received Import Request.
  Time since last request: 0.000015 seconds.
  path: Assets/Waldemarst/JapaneseGardenPackage/Prefabs/BlackPineTree_D_Textures/billboard_normal.png
  artifactKey: Guid(c8003ec92418dffe1996abed5104d40a) Importer(815301076,1909f56bfc062723c751e8b465ee728b)
Start importing Assets/Waldemarst/JapaneseGardenPackage/Prefabs/BlackPineTree_D_Textures/billboard_normal.png using Guid(c8003ec92418dffe1996abed5104d40a) Importer(815301076,1909f56bfc062723c751e8b465ee728b)  -> (artifact id: '1766a8cd5ddca396fd3cfec323081659') in 0.016868 seconds
Number of updated asset objects reloaded before import = 0
Number of asset objects unloaded after import = 2
========================================================================
Received Import Request.
  Time since last request: 0.000017 seconds.
  path: Assets/Waldemarst/JapaneseGardenPackage/Prefabs/BlackPineTree_D_Textures/translucency_gloss.png
  artifactKey: Guid(ca39df931979386b6a4d531de5268f9e) Importer(815301076,1909f56bfc062723c751e8b465ee728b)
Start importing Assets/Waldemarst/JapaneseGardenPackage/Prefabs/BlackPineTree_D_Textures/translucency_gloss.png using Guid(ca39df931979386b6a4d531de5268f9e) Importer(815301076,1909f56bfc062723c751e8b465ee728b)  -> (artifact id: '3513ed46762c144ef286e8f95dc8cc84') in 0.009340 seconds
Number of updated asset objects reloaded before import = 0
Number of asset objects unloaded after import = 2
========================================================================
Received Import Request.
  Time since last request: 1.791469 seconds.
  path: Assets/Waldemarst/JapaneseGardenPackage/Prefabs/BlackPineTree_E_Textures/bark.png
  artifactKey: Guid(a387cf705b559173ea1d19256ec451da) Importer(815301076,1909f56bfc062723c751e8b465ee728b)
Start importing Assets/Waldemarst/JapaneseGardenPackage/Prefabs/BlackPineTree_E_Textures/bark.png using Guid(a387cf705b559173ea1d19256ec451da) Importer(815301076,1909f56bfc062723c751e8b465ee728b)  -> (artifact id: '6991b1f25b4b2efe67cd36e5387cc509') in 0.019064 seconds
Number of updated asset objects reloaded before import = 0
Number of asset objects unloaded after import = 2
========================================================================
Received Import Request.
  Time since last request: 0.000016 seconds.
  path: Assets/Waldemarst/JapaneseGardenPackage/Prefabs/BlackPineTree_E_Textures/shadow.png
  artifactKey: Guid(6dbdfe0bc2d7db79fa43c6cff440cf35) Importer(815301076,1909f56bfc062723c751e8b465ee728b)
Start importing Assets/Waldemarst/JapaneseGardenPackage/Prefabs/BlackPineTree_E_Textures/shadow.png using Guid(6dbdfe0bc2d7db79fa43c6cff440cf35) Importer(815301076,1909f56bfc062723c751e8b465ee728b)  -> (artifact id: 'a72e0cb4b7bfd53337aeee924f279b90') in 0.007935 seconds
Number of updated asset objects reloaded before import = 0
Number of asset objects unloaded after import = 2
========================================================================
Received Import Request.
  Time since last request: 0.000017 seconds.
  path: Assets/Waldemarst/JapaneseGardenPackage/Prefabs/BlackPineTree_E_Textures/billboard.png
  artifactKey: Guid(2b2cfc918f146da2db7a6e656422a112) Importer(815301076,1909f56bfc062723c751e8b465ee728b)
Start importing Assets/Waldemarst/JapaneseGardenPackage/Prefabs/BlackPineTree_E_Textures/billboard.png using Guid(2b2cfc918f146da2db7a6e656422a112) Importer(815301076,1909f56bfc062723c751e8b465ee728b)  -> (artifact id: '08c37f244dd2db34978f46eee253e2ca') in 0.015575 seconds
Number of updated asset objects reloaded before import = 0
Number of asset objects unloaded after import = 2
========================================================================
Received Import Request.
  Time since last request: 0.000015 seconds.
  path: Assets/Waldemarst/JapaneseGardenPackage/Prefabs/BlackPineTree_E_Textures/normal_atlas.png
  artifactKey: Guid(5bace8e3162308b45a5780c4f9534d2b) Importer(815301076,1909f56bfc062723c751e8b465ee728b)
Start importing Assets/Waldemarst/JapaneseGardenPackage/Prefabs/BlackPineTree_E_Textures/normal_atlas.png using Guid(5bace8e3162308b45a5780c4f9534d2b) Importer(815301076,1909f56bfc062723c751e8b465ee728b)  -> (artifact id: '89f1b45646791631613a5c56bb6c12ff') in 0.008263 seconds
Number of updated asset objects reloaded before import = 0
Number of asset objects unloaded after import = 2
========================================================================
Received Import Request.
  Time since last request: 2.534080 seconds.
  path: Assets/Waldemarst/JapaneseGardenPackage/Prefabs/JapaneseMapleTree_A_Textures/bark.png
  artifactKey: Guid(9df63ace9905f07c6938cc3ae22018a4) Importer(815301076,1909f56bfc062723c751e8b465ee728b)
Start importing Assets/Waldemarst/JapaneseGardenPackage/Prefabs/JapaneseMapleTree_A_Textures/bark.png using Guid(9df63ace9905f07c6938cc3ae22018a4) Importer(815301076,1909f56bfc062723c751e8b465ee728b)  -> (artifact id: '8c03d32848e42e8082ad336ecc12dc8c') in 0.023405 seconds
Number of updated asset objects reloaded before import = 0
Number of asset objects unloaded after import = 2
========================================================================
Received Import Request.
  Time since last request: 0.000018 seconds.
  path: Assets/Waldemarst/JapaneseGardenPackage/Prefabs/JapaneseMapleTree_A_Textures/shadow.png
  artifactKey: Guid(3f24ddbacc493d1879839d6356bc7714) Importer(815301076,1909f56bfc062723c751e8b465ee728b)
Start importing Assets/Waldemarst/JapaneseGardenPackage/Prefabs/JapaneseMapleTree_A_Textures/shadow.png using Guid(3f24ddbacc493d1879839d6356bc7714) Importer(815301076,1909f56bfc062723c751e8b465ee728b)  -> (artifact id: '683154aaa346b2832f6979a7ebc9d3e3') in 0.007900 seconds
Number of updated asset objects reloaded before import = 0
Number of asset objects unloaded after import = 2
========================================================================
Received Import Request.
  Time since last request: 0.000019 seconds.
  path: Assets/Waldemarst/JapaneseGardenPackage/Prefabs/JapaneseMapleTree_A_Textures/translucency_gloss.png
  artifactKey: Guid(5b39d8ca8358a6068a2a8fe164b1df28) Importer(815301076,1909f56bfc062723c751e8b465ee728b)
Start importing Assets/Waldemarst/JapaneseGardenPackage/Prefabs/JapaneseMapleTree_A_Textures/translucency_gloss.png using Guid(5b39d8ca8358a6068a2a8fe164b1df28) Importer(815301076,1909f56bfc062723c751e8b465ee728b)  -> (artifact id: '93282273d3aa30d01bf42419d9a4bc16') in 0.006061 seconds
Number of updated asset objects reloaded before import = 0
Number of asset objects unloaded after import = 2
========================================================================
Received Import Request.
  Time since last request: 0.000019 seconds.
  path: Assets/Waldemarst/JapaneseGardenPackage/Prefabs/JapaneseMapleTree_A_Textures/normal_atlas.png
  artifactKey: Guid(628e702912bc5e5e982b7ddae0825dff) Importer(815301076,1909f56bfc062723c751e8b465ee728b)
Start importing Assets/Waldemarst/JapaneseGardenPackage/Prefabs/JapaneseMapleTree_A_Textures/normal_atlas.png using Guid(628e702912bc5e5e982b7ddae0825dff) Importer(815301076,1909f56bfc062723c751e8b465ee728b)  -> (artifact id: 'ebf8ddfa3b044f1e2845537ab8f787a6') in 0.016178 seconds
Number of updated asset objects reloaded before import = 0
Number of asset objects unloaded after import = 2
========================================================================
Received Import Request.
  Time since last request: 2.798986 seconds.
  path: Assets/Waldemarst/JapaneseGardenPackage/Prefabs/JapaneseMapleTree_B_Textures/bark.png
  artifactKey: Guid(18d30a9dfdc155148988349ac2e3f934) Importer(815301076,1909f56bfc062723c751e8b465ee728b)
Start importing Assets/Waldemarst/JapaneseGardenPackage/Prefabs/JapaneseMapleTree_B_Textures/bark.png using Guid(18d30a9dfdc155148988349ac2e3f934) Importer(815301076,1909f56bfc062723c751e8b465ee728b)  -> (artifact id: '61d3cccc25e922c19fc9b557137e6328') in 0.017469 seconds
Number of updated asset objects reloaded before import = 0
Number of asset objects unloaded after import = 2
========================================================================
Received Import Request.
  Time since last request: 0.000019 seconds.
  path: Assets/Waldemarst/JapaneseGardenPackage/Prefabs/JapaneseMapleTree_B_Textures/billboard_normal.png
  artifactKey: Guid(260c8f22e8d7ca241b14df2e3edb3861) Importer(815301076,1909f56bfc062723c751e8b465ee728b)
Start importing Assets/Waldemarst/JapaneseGardenPackage/Prefabs/JapaneseMapleTree_B_Textures/billboard_normal.png using Guid(260c8f22e8d7ca241b14df2e3edb3861) Importer(815301076,1909f56bfc062723c751e8b465ee728b)  -> (artifact id: 'd44fbe575268e6cc240e05bb43a85df6') in 0.013736 seconds
Number of updated asset objects reloaded before import = 0
Number of asset objects unloaded after import = 2
========================================================================
Received Import Request.
  Time since last request: 0.000014 seconds.
  path: Assets/Waldemarst/JapaneseGardenPackage/Prefabs/JapaneseMapleTree_B_Textures/shadow.png
  artifactKey: Guid(703edf4117f908d2982787ee4b3c5fdd) Importer(815301076,1909f56bfc062723c751e8b465ee728b)
Start importing Assets/Waldemarst/JapaneseGardenPackage/Prefabs/JapaneseMapleTree_B_Textures/shadow.png using Guid(703edf4117f908d2982787ee4b3c5fdd) Importer(815301076,1909f56bfc062723c751e8b465ee728b)  -> (artifact id: 'ff2db4bb3cb4da450aa57179ce1a5513') in 0.006339 seconds
Number of updated asset objects reloaded before import = 0
Number of asset objects unloaded after import = 2
========================================================================
Received Import Request.
  Time since last request: 0.000020 seconds.
  path: Assets/Waldemarst/JapaneseGardenPackage/Prefabs/JapaneseMapleTree_B_Textures/normal_atlas.png
  artifactKey: Guid(608273449b1a54884984829d41b52d70) Importer(815301076,1909f56bfc062723c751e8b465ee728b)
Start importing Assets/Waldemarst/JapaneseGardenPackage/Prefabs/JapaneseMapleTree_B_Textures/normal_atlas.png using Guid(608273449b1a54884984829d41b52d70) Importer(815301076,1909f56bfc062723c751e8b465ee728b)  -> (artifact id: '62c1c9f8495845b10d6605f3c1dcfeec') in 0.006375 seconds
Number of updated asset objects reloaded before import = 0
Number of asset objects unloaded after import = 2
========================================================================
Received Import Request.
  Time since last request: 1.987323 seconds.
  path: Assets/Waldemarst/JapaneseGardenPackage/Prefabs/JapaneseMapleTree_C_Textures/bark.png
  artifactKey: Guid(f9dac1fa20b5bcd0b942effa248c982b) Importer(815301076,1909f56bfc062723c751e8b465ee728b)
Start importing Assets/Waldemarst/JapaneseGardenPackage/Prefabs/JapaneseMapleTree_C_Textures/bark.png using Guid(f9dac1fa20b5bcd0b942effa248c982b) Importer(815301076,1909f56bfc062723c751e8b465ee728b)  -> (artifact id: '3336ae7a3d077b5ecda0ea52ed259645') in 0.023200 seconds
Number of updated asset objects reloaded before import = 0
Number of asset objects unloaded after import = 2
========================================================================
Received Import Request.
  Time since last request: 0.000015 seconds.
  path: Assets/Waldemarst/JapaneseGardenPackage/Prefabs/JapaneseMapleTree_C_Textures/shadow.png
  artifactKey: Guid(a07067408508ee17a86d57aff7ce50bf) Importer(815301076,1909f56bfc062723c751e8b465ee728b)
Start importing Assets/Waldemarst/JapaneseGardenPackage/Prefabs/JapaneseMapleTree_C_Textures/shadow.png using Guid(a07067408508ee17a86d57aff7ce50bf) Importer(815301076,1909f56bfc062723c751e8b465ee728b)  -> (artifact id: 'dd9ce3d1076644a990e15734d00376e0') in 0.007888 seconds
Number of updated asset objects reloaded before import = 0
Number of asset objects unloaded after import = 2
========================================================================
Received Import Request.
  Time since last request: 0.000018 seconds.
  path: Assets/Waldemarst/JapaneseGardenPackage/Prefabs/JapaneseMapleTree_C_Textures/billboard_normal.png
  artifactKey: Guid(2dcdd9083c1e94706b8402660b21d337) Importer(815301076,1909f56bfc062723c751e8b465ee728b)
Start importing Assets/Waldemarst/JapaneseGardenPackage/Prefabs/JapaneseMapleTree_C_Textures/billboard_normal.png using Guid(2dcdd9083c1e94706b8402660b21d337) Importer(815301076,1909f56bfc062723c751e8b465ee728b)  -> (artifact id: '355ff427e82c0eb90103ffdf82c4c27b') in 0.015985 seconds
Number of updated asset objects reloaded before import = 0
Number of asset objects unloaded after import = 2
========================================================================
Received Import Request.
  Time since last request: 1.781751 seconds.
  path: Assets/Waldemarst/JapaneseGardenPackage/Prefabs/JapaneseMapleTree_D_Textures/bark.png
  artifactKey: Guid(54f9517a9cffa36679f289ba606dfe0f) Importer(815301076,1909f56bfc062723c751e8b465ee728b)
Start importing Assets/Waldemarst/JapaneseGardenPackage/Prefabs/JapaneseMapleTree_D_Textures/bark.png using Guid(54f9517a9cffa36679f289ba606dfe0f) Importer(815301076,1909f56bfc062723c751e8b465ee728b)  -> (artifact id: 'b2c7103f81c80a40888ee25344bbef55') in 0.017503 seconds
Number of updated asset objects reloaded before import = 0
Number of asset objects unloaded after import = 2
========================================================================
Received Import Request.
  Time since last request: 0.000014 seconds.
  path: Assets/Waldemarst/JapaneseGardenPackage/Prefabs/JapaneseMapleTree_D_Textures/billboard.png
  artifactKey: Guid(0d4e65431e057a216b6d444ce226ac7b) Importer(815301076,1909f56bfc062723c751e8b465ee728b)
Start importing Assets/Waldemarst/JapaneseGardenPackage/Prefabs/JapaneseMapleTree_D_Textures/billboard.png using Guid(0d4e65431e057a216b6d444ce226ac7b) Importer(815301076,1909f56bfc062723c751e8b465ee728b)  -> (artifact id: '3a222b582ae57176270c7bebe804635a') in 0.017653 seconds
Number of updated asset objects reloaded before import = 0
Number of asset objects unloaded after import = 2
========================================================================
Received Import Request.
  Time since last request: 0.000014 seconds.
  path: Assets/Waldemarst/JapaneseGardenPackage/Prefabs/JapaneseMapleTree_D_Textures/billboard_normal.png
  artifactKey: Guid(a8399b53dc39bbb66af9bb83d9a9215a) Importer(815301076,1909f56bfc062723c751e8b465ee728b)
Start importing Assets/Waldemarst/JapaneseGardenPackage/Prefabs/JapaneseMapleTree_D_Textures/billboard_normal.png using Guid(a8399b53dc39bbb66af9bb83d9a9215a) Importer(815301076,1909f56bfc062723c751e8b465ee728b)  -> (artifact id: 'f817043f2a0af4ce9d7a68396ab4a91e') in 0.017931 seconds
Number of updated asset objects reloaded before import = 0
Number of asset objects unloaded after import = 2
========================================================================
Received Import Request.
  Time since last request: 5.036357 seconds.
  path: Assets/Waldemarst/JapaneseGardenPackage/Prefabs/SakuraTree_B_Textures/bark.png
  artifactKey: Guid(baa6fbb098fb365268a7ed4d0f878a25) Importer(815301076,1909f56bfc062723c751e8b465ee728b)
Start importing Assets/Waldemarst/JapaneseGardenPackage/Prefabs/SakuraTree_B_Textures/bark.png using Guid(baa6fbb098fb365268a7ed4d0f878a25) Importer(815301076,1909f56bfc062723c751e8b465ee728b)  -> (artifact id: 'f44f365fa27f06f9fd410bfa995e2707') in 0.017676 seconds
Number of updated asset objects reloaded before import = 0
Number of asset objects unloaded after import = 2
========================================================================
Received Import Request.
  Time since last request: 0.000016 seconds.
  path: Assets/Waldemarst/JapaneseGardenPackage/Prefabs/SakuraTree_B_Textures/translucency_gloss.png
  artifactKey: Guid(6aa44213a00d2c3fab9ee35ec9c772f1) Importer(815301076,1909f56bfc062723c751e8b465ee728b)
Start importing Assets/Waldemarst/JapaneseGardenPackage/Prefabs/SakuraTree_B_Textures/translucency_gloss.png using Guid(6aa44213a00d2c3fab9ee35ec9c772f1) Importer(815301076,1909f56bfc062723c751e8b465ee728b)  -> (artifact id: '680d4cf2395d16c5e59e214345829253') in 0.007523 seconds
Number of updated asset objects reloaded before import = 0
Number of asset objects unloaded after import = 2
========================================================================
Received Import Request.
  Time since last request: 0.000014 seconds.
  path: Assets/Waldemarst/JapaneseGardenPackage/Prefabs/SakuraTree_B_Textures/billboard.png
  artifactKey: Guid(0fa216364cadfa55f9b83ff5c84455a3) Importer(815301076,1909f56bfc062723c751e8b465ee728b)
Start importing Assets/Waldemarst/JapaneseGardenPackage/Prefabs/SakuraTree_B_Textures/billboard.png using Guid(0fa216364cadfa55f9b83ff5c84455a3) Importer(815301076,1909f56bfc062723c751e8b465ee728b)  -> (artifact id: 'ef0669b788fd759931b01466e5480634') in 0.014656 seconds
Number of updated asset objects reloaded before import = 0
Number of asset objects unloaded after import = 2
========================================================================
Received Import Request.
  Time since last request: 0.000016 seconds.
  path: Assets/Waldemarst/JapaneseGardenPackage/Prefabs/SakuraTree_B_Textures/normal_atlas.png
  artifactKey: Guid(0b9dde48ee7739171ace9f472307cab0) Importer(815301076,1909f56bfc062723c751e8b465ee728b)
Start importing Assets/Waldemarst/JapaneseGardenPackage/Prefabs/SakuraTree_B_Textures/normal_atlas.png using Guid(0b9dde48ee7739171ace9f472307cab0) Importer(815301076,1909f56bfc062723c751e8b465ee728b)  -> (artifact id: '45eb883c2a5da22f9e2742fe9f012284') in 0.006771 seconds
Number of updated asset objects reloaded before import = 0
Number of asset objects unloaded after import = 2
========================================================================
Received Import Request.
  Time since last request: 3.799781 seconds.
  path: Assets/Waldemarst/JapaneseGardenPackage/Prefabs/SakuraTree_D_Textures/bark.png
  artifactKey: Guid(05b73257eff5c3caabbda08aac8ff98a) Importer(815301076,1909f56bfc062723c751e8b465ee728b)
Start importing Assets/Waldemarst/JapaneseGardenPackage/Prefabs/SakuraTree_D_Textures/bark.png using Guid(05b73257eff5c3caabbda08aac8ff98a) Importer(815301076,1909f56bfc062723c751e8b465ee728b)  -> (artifact id: 'f121a538d254325545df5cf7da799a98') in 0.017732 seconds
Number of updated asset objects reloaded before import = 0
Number of asset objects unloaded after import = 2
========================================================================
Received Import Request.
  Time since last request: 0.000015 seconds.
  path: Assets/Waldemarst/JapaneseGardenPackage/Prefabs/SakuraTree_D_Textures/billboard_normal.png
  artifactKey: Guid(ae46ebe4ba2929542b7f58472003824c) Importer(815301076,1909f56bfc062723c751e8b465ee728b)
Start importing Assets/Waldemarst/JapaneseGardenPackage/Prefabs/SakuraTree_D_Textures/billboard_normal.png using Guid(ae46ebe4ba2929542b7f58472003824c) Importer(815301076,1909f56bfc062723c751e8b465ee728b)  -> (artifact id: 'fb1d0b031d5cb27d47cda6b29902fb85') in 0.014624 seconds
Number of updated asset objects reloaded before import = 0
Number of asset objects unloaded after import = 2
========================================================================
Received Import Request.
  Time since last request: 0.000015 seconds.
  path: Assets/Waldemarst/JapaneseGardenPackage/Prefabs/SakuraTree_D_Textures/billboard.png
  artifactKey: Guid(491cdb5bee465a531b5073b3e7c6df19) Importer(815301076,1909f56bfc062723c751e8b465ee728b)
Start importing Assets/Waldemarst/JapaneseGardenPackage/Prefabs/SakuraTree_D_Textures/billboard.png using Guid(491cdb5bee465a531b5073b3e7c6df19) Importer(815301076,1909f56bfc062723c751e8b465ee728b)  -> (artifact id: '47085180f848a0ce81be4c54d1a15750') in 0.016001 seconds
Number of updated asset objects reloaded before import = 0
Number of asset objects unloaded after import = 2
========================================================================
Received Import Request.
  Time since last request: 2.743915 seconds.
  path: Assets/Waldemarst/JapaneseGardenPackage/Prefabs/SakuraTree_E_Textures/bark.png
  artifactKey: Guid(e4df050e4f046c79eab68eba2b80476f) Importer(815301076,1909f56bfc062723c751e8b465ee728b)
Start importing Assets/Waldemarst/JapaneseGardenPackage/Prefabs/SakuraTree_E_Textures/bark.png using Guid(e4df050e4f046c79eab68eba2b80476f) Importer(815301076,1909f56bfc062723c751e8b465ee728b)  -> (artifact id: '27945d4b912471711156912d75dcde55') in 0.015557 seconds
Number of updated asset objects reloaded before import = 0
Number of asset objects unloaded after import = 2
========================================================================
Received Import Request.
  Time since last request: 0.000021 seconds.
  path: Assets/Waldemarst/JapaneseGardenPackage/Prefabs/SakuraTree_E_Textures/shadow.png
  artifactKey: Guid(1420fc29b479b8aa7987905b4502850d) Importer(815301076,1909f56bfc062723c751e8b465ee728b)
Start importing Assets/Waldemarst/JapaneseGardenPackage/Prefabs/SakuraTree_E_Textures/shadow.png using Guid(1420fc29b479b8aa7987905b4502850d) Importer(815301076,1909f56bfc062723c751e8b465ee728b)  -> (artifact id: '76cd6c7044623410ce11371db471adc1') in 0.007077 seconds
Number of updated asset objects reloaded before import = 0
Number of asset objects unloaded after import = 2
========================================================================
Received Import Request.
  Time since last request: 0.000018 seconds.
  path: Assets/Waldemarst/JapaneseGardenPackage/Prefabs/SakuraTree_E_Textures/billboard.png
  artifactKey: Guid(d34183f49cdf9dc638b455fe17e6a32b) Importer(815301076,1909f56bfc062723c751e8b465ee728b)
Start importing Assets/Waldemarst/JapaneseGardenPackage/Prefabs/SakuraTree_E_Textures/billboard.png using Guid(d34183f49cdf9dc638b455fe17e6a32b) Importer(815301076,1909f56bfc062723c751e8b465ee728b)  -> (artifact id: 'a011b5bda62a15592e75b12d6baff8e5') in 0.016613 seconds
Number of updated asset objects reloaded before import = 0
Number of asset objects unloaded after import = 2
========================================================================
Received Import Request.
  Time since last request: 3.407920 seconds.
  path: Assets/Waldemarst/JapaneseGardenPackage/Prefabs/SakuraTree_F_Textures/bark.png
  artifactKey: Guid(ca17955f59de549e4b03fa2eb71f383b) Importer(815301076,1909f56bfc062723c751e8b465ee728b)
Start importing Assets/Waldemarst/JapaneseGardenPackage/Prefabs/SakuraTree_F_Textures/bark.png using Guid(ca17955f59de549e4b03fa2eb71f383b) Importer(815301076,1909f56bfc062723c751e8b465ee728b)  -> (artifact id: '156aab5b83883b23aed0f49f11f1c010') in 0.017873 seconds
Number of updated asset objects reloaded before import = 0
Number of asset objects unloaded after import = 2
========================================================================
Received Import Request.
  Time since last request: 0.000149 seconds.
  path: Assets/Waldemarst/JapaneseGardenPackage/Prefabs/SakuraTree_F_Textures/normal_atlas.png
  artifactKey: Guid(b7c229bbf36800ea4a3a41b8d4787c3b) Importer(815301076,1909f56bfc062723c751e8b465ee728b)
Start importing Assets/Waldemarst/JapaneseGardenPackage/Prefabs/SakuraTree_F_Textures/normal_atlas.png using Guid(b7c229bbf36800ea4a3a41b8d4787c3b) Importer(815301076,1909f56bfc062723c751e8b465ee728b)  -> (artifact id: 'bebf1ff264e458920ffd2ba5714ce28d') in 0.010562 seconds
Number of updated asset objects reloaded before import = 0
Number of asset objects unloaded after import = 2
========================================================================
Received Import Request.
  Time since last request: 0.000019 seconds.
  path: Assets/Waldemarst/JapaneseGardenPackage/Prefabs/SakuraTree_F_Textures/translucency_gloss.png
  artifactKey: Guid(dbe5ba3f00e195820b98bfcaacced9ad) Importer(815301076,1909f56bfc062723c751e8b465ee728b)
Start importing Assets/Waldemarst/JapaneseGardenPackage/Prefabs/SakuraTree_F_Textures/translucency_gloss.png using Guid(dbe5ba3f00e195820b98bfcaacced9ad) Importer(815301076,1909f56bfc062723c751e8b465ee728b)  -> (artifact id: 'd035169f6bfa4a3e5b895e2234f1c42c') in 0.009147 seconds
Number of updated asset objects reloaded before import = 0
Number of asset objects unloaded after import = 2
========================================================================
Received Import Request.
  Time since last request: 0.000013 seconds.
  path: Assets/Waldemarst/JapaneseGardenPackage/Prefabs/SakuraTree_F_Textures/billboard.png
  artifactKey: Guid(c75e397db01a62fe6bfd7b610573c7d5) Importer(815301076,1909f56bfc062723c751e8b465ee728b)
Start importing Assets/Waldemarst/JapaneseGardenPackage/Prefabs/SakuraTree_F_Textures/billboard.png using Guid(c75e397db01a62fe6bfd7b610573c7d5) Importer(815301076,1909f56bfc062723c751e8b465ee728b)  -> (artifact id: 'a0506c5ce50172bea9c5d84e549cd9b5') in 0.016582 seconds
Number of updated asset objects reloaded before import = 0
Number of asset objects unloaded after import = 2
========================================================================
Received Prepare
Begin MonoManager ReloadAssembly
- Loaded All Assemblies, in  0.376 seconds
Refreshing native plugins compatible for Editor in 3.25 ms, found 3 plugins.
Native extension for WindowsStandalone target not found
Native extension for Android target not found
Native extension for WebGL target not found
[Package Manager] Server::EnsureServerProcessIsRunning -- launch failed, reason: Unity was launched with the -noUpm command-line argument
[Package Manager] UpmClient::Send -- Unable to send message (not connected to UPM process).
[Package Manager] Cannot connect to Unity Package Manager local server
Mono: successfully reloaded assembly
- Finished resetting the current domain, in  0.766 seconds
Domain Reload Profiling: 1141ms
	BeginReloadAssembly (145ms)
		ExecutionOrderSort (0ms)
		DisableScriptedObjects (3ms)
		BackupInstance (0ms)
		ReleaseScriptingObjects (0ms)
		CreateAndSetChildDomain (34ms)
	RebuildCommonClasses (26ms)
	RebuildNativeTypeToScriptingClass (9ms)
	initialDomainReloadingComplete (22ms)
	LoadAllAssembliesAndSetupDomain (173ms)
		LoadAssemblies (245ms)
		RebuildTransferFunctionScriptingTraits (0ms)
		AnalyzeDomain (12ms)
			TypeCache.Refresh (5ms)
				TypeCache.ScanAssembly (0ms)
			ScanForSourceGeneratedMonoScriptInfo (0ms)
			ResolveRequiredComponents (5ms)
	FinalizeReload (766ms)
		ReleaseScriptCaches (0ms)
		RebuildScriptCaches (0ms)
		SetupLoadedEditorAssemblies (331ms)
			LogAssemblyErrors (0ms)
			InitializePlatformSupportModulesInManaged (20ms)
			SetLoadedEditorAssemblies (2ms)
			RefreshPlugins (0ms)
			BeforeProcessingInitializeOnLoad (44ms)
			ProcessInitializeOnLoadAttributes (248ms)
			ProcessInitializeOnLoadMethodAttributes (14ms)
			AfterProcessingInitializeOnLoad (2ms)
			EditorAssembliesLoaded (0ms)
		ExecutionOrderSort2 (0ms)
		AwakeInstancesAfterBackupRestoration (7ms)
Refreshing native plugins compatible for Editor in 3.11 ms, found 3 plugins.
Preloading 0 native plugins for Editor in 0.00 ms.
Unloading 3158 Unused Serialized files (Serialized files now loaded: 0)
Unloading 28 unused Assets / (33.8 KB). Loaded Objects now: 3732.
Memory consumption went from 169.0 MB to 168.9 MB.
Total: 2.469600 ms (FindLiveObjects: 0.174800 ms CreateObjectMapping: 0.063100 ms MarkObjects: 2.187800 ms  DeleteObjects: 0.043100 ms)

Prepare: number of updated asset objects reloaded= 0
AssetImportParameters requested are different than current active one (requested -> active):
  custom:container-demuxer-ogg: 62fdf1f143b41e24485cea50d1cbac27 -> 
  custom:video-decoder-ogg-theora: a1e56fd34408186e4bbccfd4996cb3dc -> 
  custom:framework-win-MediaFoundation: 216162199b28c13a410421893ffa2e32 -> 
  custom:CustomObjectIndexerAttribute: 43b350a4d6e6d1791af0b5038c4bea17 -> 
  custom:container-demuxer-webm: 4f35f7cbe854078d1ac9338744f61a02 -> 
  custom:container-muxer-webm: aa71ff27fc2769a1b78a27578f13a17b -> 
  custom:video-decoder-webm-vp8: 9c59270c3fd7afecdb556c50c9e8de78 -> 
  custom:SearchIndexIgnoredProperties: e643bd26f0fe6173181afceb89e7c659 -> 
  custom:AudioImporter_EditorPlatform: d09bf68614088b80899f8185d706f6e7 -> 
  custom:video-encoder-webm-vp8: eb34c28f22e8b96e1ab97ce403110664 -> 
  custom:audio-decoder-ogg-vorbis: bf7c407c2cedff20999df2af8eb42d56 -> 
  custom:audio-encoder-webm-vorbis: bf7c407c2cedff20999df2af8eb42d56 -> 
========================================================================
Received Prepare
Begin MonoManager ReloadAssembly
- Loaded All Assemblies, in  0.390 seconds
Refreshing native plugins compatible for Editor in 3.27 ms, found 3 plugins.
Native extension for WindowsStandalone target not found
Native extension for Android target not found
Native extension for WebGL target not found
[Package Manager] Server::EnsureServerProcessIsRunning -- launch failed, reason: Unity was launched with the -noUpm command-line argument
[Package Manager] UpmClient::Send -- Unable to send message (not connected to UPM process).
[Package Manager] Cannot connect to Unity Package Manager local server
Mono: successfully reloaded assembly
- Finished resetting the current domain, in  0.785 seconds
Domain Reload Profiling: 1175ms
	BeginReloadAssembly (144ms)
		ExecutionOrderSort (0ms)
		DisableScriptedObjects (4ms)
		BackupInstance (0ms)
		ReleaseScriptingObjects (0ms)
		CreateAndSetChildDomain (30ms)
	RebuildCommonClasses (30ms)
	RebuildNativeTypeToScriptingClass (13ms)
	initialDomainReloadingComplete (23ms)
	LoadAllAssembliesAndSetupDomain (180ms)
		LoadAssemblies (249ms)
		RebuildTransferFunctionScriptingTraits (0ms)
		AnalyzeDomain (13ms)
			TypeCache.Refresh (6ms)
				TypeCache.ScanAssembly (0ms)
			ScanForSourceGeneratedMonoScriptInfo (0ms)
			ResolveRequiredComponents (6ms)
	FinalizeReload (785ms)
		ReleaseScriptCaches (0ms)
		RebuildScriptCaches (0ms)
		SetupLoadedEditorAssemblies (339ms)
			LogAssemblyErrors (0ms)
			InitializePlatformSupportModulesInManaged (21ms)
			SetLoadedEditorAssemblies (2ms)
			RefreshPlugins (0ms)
			BeforeProcessingInitializeOnLoad (46ms)
			ProcessInitializeOnLoadAttributes (251ms)
			ProcessInitializeOnLoadMethodAttributes (17ms)
			AfterProcessingInitializeOnLoad (2ms)
			EditorAssembliesLoaded (0ms)
		ExecutionOrderSort2 (0ms)
		AwakeInstancesAfterBackupRestoration (6ms)
Refreshing native plugins compatible for Editor in 2.93 ms, found 3 plugins.
Preloading 0 native plugins for Editor in 0.00 ms.
Unloading 3159 Unused Serialized files (Serialized files now loaded: 0)
Unloading 28 unused Assets / (33.7 KB). Loaded Objects now: 3735.
Memory consumption went from 171.2 MB to 171.1 MB.
Total: 2.188600 ms (FindLiveObjects: 0.176100 ms CreateObjectMapping: 0.066700 ms MarkObjects: 1.878700 ms  DeleteObjects: 0.066400 ms)

Prepare: number of updated asset objects reloaded= 0
AssetImportParameters requested are different than current active one (requested -> active):
  custom:container-demuxer-ogg: 62fdf1f143b41e24485cea50d1cbac27 -> 
  custom:video-decoder-ogg-theora: a1e56fd34408186e4bbccfd4996cb3dc -> 
  custom:framework-win-MediaFoundation: 216162199b28c13a410421893ffa2e32 -> 
  custom:CustomObjectIndexerAttribute: 43b350a4d6e6d1791af0b5038c4bea17 -> 
  custom:container-demuxer-webm: 4f35f7cbe854078d1ac9338744f61a02 -> 
  custom:container-muxer-webm: aa71ff27fc2769a1b78a27578f13a17b -> 
  custom:video-decoder-webm-vp8: 9c59270c3fd7afecdb556c50c9e8de78 -> 
  custom:SearchIndexIgnoredProperties: e643bd26f0fe6173181afceb89e7c659 -> 
  custom:AudioImporter_EditorPlatform: d09bf68614088b80899f8185d706f6e7 -> 
  custom:video-encoder-webm-vp8: eb34c28f22e8b96e1ab97ce403110664 -> 
  custom:audio-decoder-ogg-vorbis: bf7c407c2cedff20999df2af8eb42d56 -> 
  custom:audio-encoder-webm-vorbis: bf7c407c2cedff20999df2af8eb42d56 -> 
========================================================================
Received Prepare
Begin MonoManager ReloadAssembly
- Loaded All Assemblies, in  0.376 seconds
Refreshing native plugins compatible for Editor in 3.88 ms, found 3 plugins.
Native extension for WindowsStandalone target not found
Native extension for Android target not found
Native extension for WebGL target not found
[Package Manager] Server::EnsureServerProcessIsRunning -- launch failed, reason: Unity was launched with the -noUpm command-line argument
[Package Manager] UpmClient::Send -- Unable to send message (not connected to UPM process).
[Package Manager] Cannot connect to Unity Package Manager local server
Mono: successfully reloaded assembly
- Finished resetting the current domain, in  0.784 seconds
Domain Reload Profiling: 1160ms
	BeginReloadAssembly (147ms)
		ExecutionOrderSort (0ms)
		DisableScriptedObjects (3ms)
		BackupInstance (0ms)
		ReleaseScriptingObjects (0ms)
		CreateAndSetChildDomain (34ms)
	RebuildCommonClasses (24ms)
	RebuildNativeTypeToScriptingClass (8ms)
	initialDomainReloadingComplete (19ms)
	LoadAllAssembliesAndSetupDomain (176ms)
		LoadAssemblies (247ms)
		RebuildTransferFunctionScriptingTraits (0ms)
		AnalyzeDomain (12ms)
			TypeCache.Refresh (5ms)
				TypeCache.ScanAssembly (0ms)
			ScanForSourceGeneratedMonoScriptInfo (0ms)
			ResolveRequiredComponents (5ms)
	FinalizeReload (784ms)
		ReleaseScriptCaches (0ms)
		RebuildScriptCaches (0ms)
		SetupLoadedEditorAssemblies (340ms)
			LogAssemblyErrors (0ms)
			InitializePlatformSupportModulesInManaged (18ms)
			SetLoadedEditorAssemblies (2ms)
			RefreshPlugins (0ms)
			BeforeProcessingInitializeOnLoad (45ms)
			ProcessInitializeOnLoadAttributes (257ms)
			ProcessInitializeOnLoadMethodAttributes (15ms)
			AfterProcessingInitializeOnLoad (1ms)
			EditorAssembliesLoaded (0ms)
		ExecutionOrderSort2 (0ms)
		AwakeInstancesAfterBackupRestoration (6ms)
Refreshing native plugins compatible for Editor in 3.26 ms, found 3 plugins.
Preloading 0 native plugins for Editor in 0.00 ms.
Unloading 3159 Unused Serialized files (Serialized files now loaded: 0)
Unloading 28 unused Assets / (33.8 KB). Loaded Objects now: 3738.
Memory consumption went from 173.1 MB to 173.1 MB.
Total: 2.136800 ms (FindLiveObjects: 0.168700 ms CreateObjectMapping: 0.065300 ms MarkObjects: 1.847600 ms  DeleteObjects: 0.054200 ms)

Prepare: number of updated asset objects reloaded= 0
AssetImportParameters requested are different than current active one (requested -> active):
  custom:container-demuxer-ogg: 62fdf1f143b41e24485cea50d1cbac27 -> 
  custom:video-decoder-ogg-theora: a1e56fd34408186e4bbccfd4996cb3dc -> 
  custom:framework-win-MediaFoundation: 216162199b28c13a410421893ffa2e32 -> 
  custom:CustomObjectIndexerAttribute: 43b350a4d6e6d1791af0b5038c4bea17 -> 
  custom:container-demuxer-webm: 4f35f7cbe854078d1ac9338744f61a02 -> 
  custom:container-muxer-webm: aa71ff27fc2769a1b78a27578f13a17b -> 
  custom:video-decoder-webm-vp8: 9c59270c3fd7afecdb556c50c9e8de78 -> 
  custom:SearchIndexIgnoredProperties: e643bd26f0fe6173181afceb89e7c659 -> 
  custom:AudioImporter_EditorPlatform: d09bf68614088b80899f8185d706f6e7 -> 
  custom:video-encoder-webm-vp8: eb34c28f22e8b96e1ab97ce403110664 -> 
  custom:audio-decoder-ogg-vorbis: bf7c407c2cedff20999df2af8eb42d56 -> 
  custom:audio-encoder-webm-vorbis: bf7c407c2cedff20999df2af8eb42d56 -> 
========================================================================
Received Prepare
Begin MonoManager ReloadAssembly
- Loaded All Assemblies, in  0.403 seconds
Refreshing native plugins compatible for Editor in 3.53 ms, found 3 plugins.
Native extension for WindowsStandalone target not found
Native extension for Android target not found
Native extension for WebGL target not found
[Package Manager] Server::EnsureServerProcessIsRunning -- launch failed, reason: Unity was launched with the -noUpm command-line argument
[Package Manager] UpmClient::Send -- Unable to send message (not connected to UPM process).
[Package Manager] Cannot connect to Unity Package Manager local server
Mono: successfully reloaded assembly
- Finished resetting the current domain, in  0.831 seconds
Domain Reload Profiling: 1234ms
	BeginReloadAssembly (154ms)
		ExecutionOrderSort (0ms)
		DisableScriptedObjects (3ms)
		BackupInstance (0ms)
		ReleaseScriptingObjects (0ms)
		CreateAndSetChildDomain (28ms)
	RebuildCommonClasses (26ms)
	RebuildNativeTypeToScriptingClass (8ms)
	initialDomainReloadingComplete (19ms)
	LoadAllAssembliesAndSetupDomain (196ms)
		LoadAssemblies (269ms)
		RebuildTransferFunctionScriptingTraits (0ms)
		AnalyzeDomain (22ms)
			TypeCache.Refresh (8ms)
				TypeCache.ScanAssembly (1ms)
			ScanForSourceGeneratedMonoScriptInfo (7ms)
			ResolveRequiredComponents (6ms)
	FinalizeReload (831ms)
		ReleaseScriptCaches (0ms)
		RebuildScriptCaches (0ms)
		SetupLoadedEditorAssemblies (335ms)
			LogAssemblyErrors (0ms)
			InitializePlatformSupportModulesInManaged (17ms)
			SetLoadedEditorAssemblies (2ms)
			RefreshPlugins (0ms)
			BeforeProcessingInitializeOnLoad (44ms)
			ProcessInitializeOnLoadAttributes (253ms)
			ProcessInitializeOnLoadMethodAttributes (16ms)
			AfterProcessingInitializeOnLoad (2ms)
			EditorAssembliesLoaded (0ms)
		ExecutionOrderSort2 (0ms)
		AwakeInstancesAfterBackupRestoration (7ms)
Refreshing native plugins compatible for Editor in 2.67 ms, found 3 plugins.
Preloading 0 native plugins for Editor in 0.00 ms.
Unloading 3159 Unused Serialized files (Serialized files now loaded: 0)
Unloading 28 unused Assets / (33.8 KB). Loaded Objects now: 3741.
Memory consumption went from 175.0 MB to 175.0 MB.
Total: 2.143000 ms (FindLiveObjects: 0.188500 ms CreateObjectMapping: 0.075200 ms MarkObjects: 1.831600 ms  DeleteObjects: 0.046800 ms)

Prepare: number of updated asset objects reloaded= 0
AssetImportParameters requested are different than current active one (requested -> active):
  custom:container-demuxer-ogg: 62fdf1f143b41e24485cea50d1cbac27 -> 
  custom:video-decoder-ogg-theora: a1e56fd34408186e4bbccfd4996cb3dc -> 
  custom:framework-win-MediaFoundation: 216162199b28c13a410421893ffa2e32 -> 
  custom:CustomObjectIndexerAttribute: 43b350a4d6e6d1791af0b5038c4bea17 -> 
  custom:container-demuxer-webm: 4f35f7cbe854078d1ac9338744f61a02 -> 
  custom:container-muxer-webm: aa71ff27fc2769a1b78a27578f13a17b -> 
  custom:video-decoder-webm-vp8: 9c59270c3fd7afecdb556c50c9e8de78 -> 
  custom:SearchIndexIgnoredProperties: e643bd26f0fe6173181afceb89e7c659 -> 
  custom:AudioImporter_EditorPlatform: d09bf68614088b80899f8185d706f6e7 -> 
  custom:video-encoder-webm-vp8: eb34c28f22e8b96e1ab97ce403110664 -> 
  custom:audio-decoder-ogg-vorbis: bf7c407c2cedff20999df2af8eb42d56 -> 
  custom:audio-encoder-webm-vorbis: bf7c407c2cedff20999df2af8eb42d56 -> 
========================================================================
Received Prepare
Begin MonoManager ReloadAssembly
- Loaded All Assemblies, in  0.375 seconds
Refreshing native plugins compatible for Editor in 3.79 ms, found 3 plugins.
Native extension for WindowsStandalone target not found
Native extension for Android target not found
Native extension for WebGL target not found
[Package Manager] Server::EnsureServerProcessIsRunning -- launch failed, reason: Unity was launched with the -noUpm command-line argument
[Package Manager] UpmClient::Send -- Unable to send message (not connected to UPM process).
[Package Manager] Cannot connect to Unity Package Manager local server
Mono: successfully reloaded assembly
- Finished resetting the current domain, in  0.853 seconds
Domain Reload Profiling: 1228ms
	BeginReloadAssembly (135ms)
		ExecutionOrderSort (0ms)
		DisableScriptedObjects (3ms)
		BackupInstance (0ms)
		ReleaseScriptingObjects (0ms)
		CreateAndSetChildDomain (29ms)
	RebuildCommonClasses (23ms)
	RebuildNativeTypeToScriptingClass (8ms)
	initialDomainReloadingComplete (21ms)
	LoadAllAssembliesAndSetupDomain (188ms)
		LoadAssemblies (246ms)
		RebuildTransferFunctionScriptingTraits (0ms)
		AnalyzeDomain (18ms)
			TypeCache.Refresh (9ms)
				TypeCache.ScanAssembly (1ms)
			ScanForSourceGeneratedMonoScriptInfo (5ms)
			ResolveRequiredComponents (4ms)
	FinalizeReload (853ms)
		ReleaseScriptCaches (0ms)
		RebuildScriptCaches (0ms)
		SetupLoadedEditorAssemblies (370ms)
			LogAssemblyErrors (0ms)
			InitializePlatformSupportModulesInManaged (21ms)
			SetLoadedEditorAssemblies (2ms)
			RefreshPlugins (0ms)
			BeforeProcessingInitializeOnLoad (48ms)
			ProcessInitializeOnLoadAttributes (280ms)
			ProcessInitializeOnLoadMethodAttributes (18ms)
			AfterProcessingInitializeOnLoad (1ms)
			EditorAssembliesLoaded (0ms)
		ExecutionOrderSort2 (0ms)
		AwakeInstancesAfterBackupRestoration (5ms)
Refreshing native plugins compatible for Editor in 2.73 ms, found 3 plugins.
Preloading 0 native plugins for Editor in 0.00 ms.
Unloading 3159 Unused Serialized files (Serialized files now loaded: 0)
Unloading 28 unused Assets / (33.7 KB). Loaded Objects now: 3744.
Memory consumption went from 176.9 MB to 176.9 MB.
Total: 2.072900 ms (FindLiveObjects: 0.171900 ms CreateObjectMapping: 0.074400 ms MarkObjects: 1.782000 ms  DeleteObjects: 0.043600 ms)

Prepare: number of updated asset objects reloaded= 0
AssetImportParameters requested are different than current active one (requested -> active):
  custom:container-demuxer-ogg: 62fdf1f143b41e24485cea50d1cbac27 -> 
  custom:video-decoder-ogg-theora: a1e56fd34408186e4bbccfd4996cb3dc -> 
  custom:framework-win-MediaFoundation: 216162199b28c13a410421893ffa2e32 -> 
  custom:CustomObjectIndexerAttribute: 43b350a4d6e6d1791af0b5038c4bea17 -> 
  custom:container-demuxer-webm: 4f35f7cbe854078d1ac9338744f61a02 -> 
  custom:container-muxer-webm: aa71ff27fc2769a1b78a27578f13a17b -> 
  custom:video-decoder-webm-vp8: 9c59270c3fd7afecdb556c50c9e8de78 -> 
  custom:SearchIndexIgnoredProperties: e643bd26f0fe6173181afceb89e7c659 -> 
  custom:AudioImporter_EditorPlatform: d09bf68614088b80899f8185d706f6e7 -> 
  custom:video-encoder-webm-vp8: eb34c28f22e8b96e1ab97ce403110664 -> 
  custom:audio-decoder-ogg-vorbis: bf7c407c2cedff20999df2af8eb42d56 -> 
  custom:audio-encoder-webm-vorbis: bf7c407c2cedff20999df2af8eb42d56 -> 
========================================================================
Received Import Request.
  Time since last request: 1615.111635 seconds.
  path: Assets/JapaneseGarden/JapaneseGardenPackage/Prefabs/SakuraTree_B.prefab
  artifactKey: Guid(488c1b23b5470bb4986ad7d362420766) Importer(815301076,1909f56bfc062723c751e8b465ee728b)
Start importing Assets/JapaneseGarden/JapaneseGardenPackage/Prefabs/SakuraTree_B.prefab using Guid(488c1b23b5470bb4986ad7d362420766) Importer(815301076,1909f56bfc062723c751e8b465ee728b)  -> (artifact id: '16094575bf43177cbcc7dc39a9e9af79') in 0.121365 seconds
Number of updated asset objects reloaded before import = 0
Number of asset objects unloaded after import = 28
========================================================================
Received Prepare
Begin MonoManager ReloadAssembly
- Loaded All Assemblies, in  0.512 seconds
Refreshing native plugins compatible for Editor in 3.46 ms, found 3 plugins.
Native extension for WindowsStandalone target not found
Native extension for Android target not found
Native extension for WebGL target not found
[Package Manager] Server::EnsureServerProcessIsRunning -- launch failed, reason: Unity was launched with the -noUpm command-line argument
[Package Manager] UpmClient::Send -- Unable to send message (not connected to UPM process).
[Package Manager] Cannot connect to Unity Package Manager local server
Mono: successfully reloaded assembly
- Finished resetting the current domain, in  0.935 seconds
Domain Reload Profiling: 1447ms
	BeginReloadAssembly (256ms)
		ExecutionOrderSort (0ms)
		DisableScriptedObjects (7ms)
		BackupInstance (0ms)
		ReleaseScriptingObjects (0ms)
		CreateAndSetChildDomain (57ms)
	RebuildCommonClasses (25ms)
	RebuildNativeTypeToScriptingClass (10ms)
	initialDomainReloadingComplete (21ms)
	LoadAllAssembliesAndSetupDomain (201ms)
		LoadAssemblies (314ms)
		RebuildTransferFunctionScriptingTraits (0ms)
		AnalyzeDomain (24ms)
			TypeCache.Refresh (12ms)
				TypeCache.ScanAssembly (4ms)
			ScanForSourceGeneratedMonoScriptInfo (7ms)
			ResolveRequiredComponents (4ms)
	FinalizeReload (936ms)
		ReleaseScriptCaches (0ms)
		RebuildScriptCaches (0ms)
		SetupLoadedEditorAssemblies (473ms)
			LogAssemblyErrors (0ms)
			InitializePlatformSupportModulesInManaged (26ms)
			SetLoadedEditorAssemblies (2ms)
			RefreshPlugins (0ms)
			BeforeProcessingInitializeOnLoad (45ms)
			ProcessInitializeOnLoadAttributes (374ms)
			ProcessInitializeOnLoadMethodAttributes (23ms)
			AfterProcessingInitializeOnLoad (2ms)
			EditorAssembliesLoaded (0ms)
		ExecutionOrderSort2 (0ms)
		AwakeInstancesAfterBackupRestoration (7ms)
Refreshing native plugins compatible for Editor in 3.36 ms, found 3 plugins.
Preloading 0 native plugins for Editor in 0.00 ms.
Unloading 3352 Unused Serialized files (Serialized files now loaded: 0)
Unloading 76 unused Assets / (3.7 MB). Loaded Objects now: 3903.
Memory consumption went from 194.9 MB to 191.2 MB.
Total: 3.246600 ms (FindLiveObjects: 0.204100 ms CreateObjectMapping: 0.095000 ms MarkObjects: 2.029400 ms  DeleteObjects: 0.917300 ms)

Prepare: number of updated asset objects reloaded= 0
AssetImportParameters requested are different than current active one (requested -> active):
  custom:container-demuxer-ogg: 62fdf1f143b41e24485cea50d1cbac27 -> 
  custom:video-decoder-ogg-theora: a1e56fd34408186e4bbccfd4996cb3dc -> 
  custom:framework-win-MediaFoundation: 216162199b28c13a410421893ffa2e32 -> 
  custom:CustomObjectIndexerAttribute: 43b350a4d6e6d1791af0b5038c4bea17 -> 
  custom:container-demuxer-webm: 4f35f7cbe854078d1ac9338744f61a02 -> 
  custom:container-muxer-webm: aa71ff27fc2769a1b78a27578f13a17b -> 
  custom:video-decoder-webm-vp8: 9c59270c3fd7afecdb556c50c9e8de78 -> 
  custom:SearchIndexIgnoredProperties: e643bd26f0fe6173181afceb89e7c659 -> 
  custom:AudioImporter_EditorPlatform: d09bf68614088b80899f8185d706f6e7 -> 
  custom:video-encoder-webm-vp8: eb34c28f22e8b96e1ab97ce403110664 -> 
  custom:audio-decoder-ogg-vorbis: bf7c407c2cedff20999df2af8eb42d56 -> 
  custom:audio-encoder-webm-vorbis: bf7c407c2cedff20999df2af8eb42d56 -> 
========================================================================
Received Import Request.
  Time since last request: 172.666109 seconds.
  path: Assets/Polytope Studio/Lowpoly_Environments/Sources/Textures/NewLayer.terrainlayer
  artifactKey: Guid(b20124616ba63a8439863337358e094a) Importer(815301076,1909f56bfc062723c751e8b465ee728b)
Start importing Assets/Polytope Studio/Lowpoly_Environments/Sources/Textures/NewLayer.terrainlayer using Guid(b20124616ba63a8439863337358e094a) Importer(815301076,1909f56bfc062723c751e8b465ee728b)  -> (artifact id: 'b6390c8b850c23302bf107e32c911237') in 0.023474 seconds
Number of updated asset objects reloaded before import = 0
Number of asset objects unloaded after import = 1
========================================================================
Received Import Request.
  Time since last request: 0.000020 seconds.
  path: Assets/Polytope Studio/Lowpoly_Environments/Sources/Meshes/Trees/NewLayer 1.terrainlayer
  artifactKey: Guid(9baa948a007696c418c982bc4d9edb63) Importer(815301076,1909f56bfc062723c751e8b465ee728b)
Start importing Assets/Polytope Studio/Lowpoly_Environments/Sources/Meshes/Trees/NewLayer 1.terrainlayer using Guid(9baa948a007696c418c982bc4d9edb63) Importer(815301076,1909f56bfc062723c751e8b465ee728b)  -> (artifact id: '7e12351967e9f22f8e5d0093be52afaf') in 0.021630 seconds
Number of updated asset objects reloaded before import = 0
Number of asset objects unloaded after import = 2
========================================================================
Received Prepare
Begin MonoManager ReloadAssembly
- Loaded All Assemblies, in  0.389 seconds
Refreshing native plugins compatible for Editor in 3.26 ms, found 3 plugins.
Native extension for WindowsStandalone target not found
Native extension for Android target not found
Native extension for WebGL target not found
[Package Manager] Server::EnsureServerProcessIsRunning -- launch failed, reason: Unity was launched with the -noUpm command-line argument
[Package Manager] UpmClient::Send -- Unable to send message (not connected to UPM process).
[Package Manager] Cannot connect to Unity Package Manager local server
Mono: successfully reloaded assembly
- Finished resetting the current domain, in  0.848 seconds
Domain Reload Profiling: 1236ms
	BeginReloadAssembly (150ms)
		ExecutionOrderSort (0ms)
		DisableScriptedObjects (5ms)
		BackupInstance (0ms)
		ReleaseScriptingObjects (0ms)
		CreateAndSetChildDomain (33ms)
	RebuildCommonClasses (23ms)
	RebuildNativeTypeToScriptingClass (8ms)
	initialDomainReloadingComplete (21ms)
	LoadAllAssembliesAndSetupDomain (186ms)
		LoadAssemblies (256ms)
		RebuildTransferFunctionScriptingTraits (0ms)
		AnalyzeDomain (11ms)
			TypeCache.Refresh (6ms)
				TypeCache.ScanAssembly (0ms)
			ScanForSourceGeneratedMonoScriptInfo (0ms)
			ResolveRequiredComponents (4ms)
	FinalizeReload (848ms)
		ReleaseScriptCaches (0ms)
		RebuildScriptCaches (0ms)
		SetupLoadedEditorAssemblies (381ms)
			LogAssemblyErrors (0ms)
			InitializePlatformSupportModulesInManaged (18ms)
			SetLoadedEditorAssemblies (2ms)
			RefreshPlugins (0ms)
			BeforeProcessingInitializeOnLoad (46ms)
			ProcessInitializeOnLoadAttributes (298ms)
			ProcessInitializeOnLoadMethodAttributes (15ms)
			AfterProcessingInitializeOnLoad (1ms)
			EditorAssembliesLoaded (0ms)
		ExecutionOrderSort2 (0ms)
		AwakeInstancesAfterBackupRestoration (5ms)
Refreshing native plugins compatible for Editor in 3.10 ms, found 3 plugins.
Preloading 0 native plugins for Editor in 0.00 ms.
Unloading 3352 Unused Serialized files (Serialized files now loaded: 0)
Unloading 76 unused Assets / (3.7 MB). Loaded Objects now: 3906.
Memory consumption went from 196.8 MB to 193.1 MB.
Total: 2.966200 ms (FindLiveObjects: 0.184500 ms CreateObjectMapping: 0.070000 ms MarkObjects: 1.782700 ms  DeleteObjects: 0.928300 ms)

Prepare: number of updated asset objects reloaded= 0
AssetImportParameters requested are different than current active one (requested -> active):
  custom:container-demuxer-ogg: 62fdf1f143b41e24485cea50d1cbac27 -> 
  custom:video-decoder-ogg-theora: a1e56fd34408186e4bbccfd4996cb3dc -> 
  custom:framework-win-MediaFoundation: 216162199b28c13a410421893ffa2e32 -> 
  custom:CustomObjectIndexerAttribute: 43b350a4d6e6d1791af0b5038c4bea17 -> 
  custom:container-demuxer-webm: 4f35f7cbe854078d1ac9338744f61a02 -> 
  custom:container-muxer-webm: aa71ff27fc2769a1b78a27578f13a17b -> 
  custom:video-decoder-webm-vp8: 9c59270c3fd7afecdb556c50c9e8de78 -> 
  custom:SearchIndexIgnoredProperties: e643bd26f0fe6173181afceb89e7c659 -> 
  custom:AudioImporter_EditorPlatform: d09bf68614088b80899f8185d706f6e7 -> 
  custom:video-encoder-webm-vp8: eb34c28f22e8b96e1ab97ce403110664 -> 
  custom:audio-decoder-ogg-vorbis: bf7c407c2cedff20999df2af8eb42d56 -> 
  custom:audio-encoder-webm-vorbis: bf7c407c2cedff20999df2af8eb42d56 -> 
